#! /usr/bin/vvp
:ivl_version "10.1 (stable)";
:ivl_delay_selection "TYPICAL";
:vpi_time_precision + 0;
:vpi_module "system";
:vpi_module "vhdl_sys";
:vpi_module "v2005_math";
:vpi_module "va_math";
S_0x55ea5ee2e620 .scope module, "top" "top" 2 2;
 .timescale 0 0;
v0x55ea5ee8dcf0_0 .var "a", 31 0;
v0x55ea5ee8ddd0_0 .var "b", 31 0;
v0x55ea5ee8de90_0 .net "out", 31 0, L_0x55ea5eeb4380;  1 drivers
v0x55ea5ee8df80_0 .var "sel", 2 0;
S_0x55ea5ee00380 .scope module, "u1" "logic_u" 2 8, 3 2 0, S_0x55ea5ee2e620;
 .timescale 0 0;
    .port_info 0 /INPUT 32 "a"
    .port_info 1 /INPUT 32 "b"
    .port_info 2 /INPUT 3 "select"
    .port_info 3 /OUTPUT 32 "out"
L_0x55ea5ee8abb0 .functor AND 32, v0x55ea5ee8dcf0_0, v0x55ea5ee8ddd0_0, C4<11111111111111111111111111111111>, C4<11111111111111111111111111111111>;
L_0x55ea5ee8e0e0 .functor OR 32, v0x55ea5ee8dcf0_0, v0x55ea5ee8ddd0_0, C4<00000000000000000000000000000000>, C4<00000000000000000000000000000000>;
L_0x55ea5ee8e1c0 .functor NOT 32, v0x55ea5ee8dcf0_0, C4<00000000000000000000000000000000>, C4<00000000000000000000000000000000>, C4<00000000000000000000000000000000>;
L_0x55ea5ee8e250 .functor NOT 32, v0x55ea5ee8ddd0_0, C4<00000000000000000000000000000000>, C4<00000000000000000000000000000000>, C4<00000000000000000000000000000000>;
L_0x55ea5ee8e380 .functor AND 32, L_0x55ea5ee8e1c0, L_0x55ea5ee8e250, C4<11111111111111111111111111111111>, C4<11111111111111111111111111111111>;
L_0x55ea5ee8e440 .functor NOT 32, v0x55ea5ee8dcf0_0, C4<00000000000000000000000000000000>, C4<00000000000000000000000000000000>, C4<00000000000000000000000000000000>;
L_0x55ea5ee8e4f0 .functor NOT 32, v0x55ea5ee8ddd0_0, C4<00000000000000000000000000000000>, C4<00000000000000000000000000000000>, C4<00000000000000000000000000000000>;
L_0x55ea5ee8e560 .functor OR 32, L_0x55ea5ee8e440, L_0x55ea5ee8e4f0, C4<00000000000000000000000000000000>, C4<00000000000000000000000000000000>;
L_0x55ea5ee8e710 .functor XOR 32, v0x55ea5ee8dcf0_0, v0x55ea5ee8ddd0_0, C4<00000000000000000000000000000000>, C4<00000000000000000000000000000000>;
L_0x55ea5ee8e7f0 .functor XOR 32, v0x55ea5ee8dcf0_0, v0x55ea5ee8ddd0_0, C4<00000000000000000000000000000000>, C4<00000000000000000000000000000000>;
L_0x55ea5ee8e9f0 .functor NOT 32, L_0x55ea5ee8e7f0, C4<00000000000000000000000000000000>, C4<00000000000000000000000000000000>, C4<00000000000000000000000000000000>;
L_0x55ea5ee8eab0 .functor NOT 32, v0x55ea5ee8dcf0_0, C4<00000000000000000000000000000000>, C4<00000000000000000000000000000000>, C4<00000000000000000000000000000000>;
v0x55ea5ee8ce20_0 .net *"_s10", 31 0, L_0x55ea5ee8e440;  1 drivers
v0x55ea5ee8cf20_0 .net *"_s12", 31 0, L_0x55ea5ee8e4f0;  1 drivers
v0x55ea5ee8d000_0 .net *"_s18", 31 0, L_0x55ea5ee8e7f0;  1 drivers
v0x55ea5ee8d0c0_0 .net *"_s4", 31 0, L_0x55ea5ee8e1c0;  1 drivers
v0x55ea5ee8d1a0_0 .net *"_s6", 31 0, L_0x55ea5ee8e250;  1 drivers
v0x55ea5ee8d2d0_0 .net "a", 31 0, v0x55ea5ee8dcf0_0;  1 drivers
v0x55ea5ee8d390_0 .net "b", 31 0, v0x55ea5ee8ddd0_0;  1 drivers
v0x55ea5ee8d450_0 .net "out", 31 0, L_0x55ea5eeb4380;  alias, 1 drivers
v0x55ea5ee8d510_0 .net "out1", 31 0, L_0x55ea5ee8abb0;  1 drivers
v0x55ea5ee8d5e0_0 .net "out2", 31 0, L_0x55ea5ee8e0e0;  1 drivers
v0x55ea5ee8d6b0_0 .net "out3", 31 0, L_0x55ea5ee8e380;  1 drivers
v0x55ea5ee8d780_0 .net "out4", 31 0, L_0x55ea5ee8e560;  1 drivers
v0x55ea5ee8d850_0 .net "out5", 31 0, L_0x55ea5ee8e710;  1 drivers
v0x55ea5ee8d920_0 .net "out6", 31 0, L_0x55ea5ee8e9f0;  1 drivers
v0x55ea5ee8d9f0_0 .net "out7", 31 0, L_0x55ea5ee8eab0;  1 drivers
v0x55ea5ee8dac0_0 .net "out8", 31 0, L_0x55ea5eea19a0;  1 drivers
v0x55ea5ee8db60_0 .net "select", 2 0, v0x55ea5ee8df80_0;  1 drivers
L_0x55ea5eeb3fc0 .part v0x55ea5ee8df80_0, 0, 1;
L_0x55ea5eeb4710 .part v0x55ea5ee8df80_0, 1, 1;
L_0x55ea5eeb47b0 .part v0x55ea5ee8df80_0, 2, 1;
S_0x55ea5ee60c10 .scope module, "x1" "comp" 3 16, 4 2 0, S_0x55ea5ee00380;
 .timescale 0 0;
    .port_info 0 /INPUT 32 "inp"
    .port_info 1 /OUTPUT 32 "out"
L_0x55ea5ee8ec00 .functor NOT 32, v0x55ea5ee8dcf0_0, C4<00000000000000000000000000000000>, C4<00000000000000000000000000000000>, C4<00000000000000000000000000000000>;
v0x55ea5ee8a710_0 .net "carry", 0 0, L_0x55ea5eea0c10;  1 drivers
v0x55ea5ee8a7d0_0 .net "inp", 31 0, v0x55ea5ee8dcf0_0;  alias, 1 drivers
v0x55ea5ee8a8b0_0 .net "o1", 31 0, L_0x55ea5ee8ec00;  1 drivers
v0x55ea5ee8a950_0 .net "out", 31 0, L_0x55ea5eea19a0;  alias, 1 drivers
S_0x55ea5ee608b0 .scope module, "a1" "thirtytwoBitAdder" 4 7, 5 3 0, S_0x55ea5ee60c10;
 .timescale 0 0;
    .port_info 0 /INPUT 32 "a"
    .port_info 1 /INPUT 32 "b"
    .port_info 2 /INPUT 1 "cin"
    .port_info 3 /OUTPUT 32 "sum"
    .port_info 4 /OUTPUT 1 "ca"
v0x55ea5ee8a160_0 .net "a", 31 0, L_0x55ea5ee8ec00;  alias, 1 drivers
L_0x7fca71209018 .functor BUFT 1, C4<00000000000000000000000000000001>, C4<0>, C4<0>, C4<0>;
v0x55ea5ee8a260_0 .net "b", 31 0, L_0x7fca71209018;  1 drivers
v0x55ea5ee8a340_0 .net "c2", 0 0, L_0x55ea5ee97640;  1 drivers
v0x55ea5ee8a3e0_0 .net "ca", 0 0, L_0x55ea5eea0c10;  alias, 1 drivers
L_0x7fca71209060 .functor BUFT 1, C4<0>, C4<0>, C4<0>, C4<0>;
v0x55ea5ee8a480_0 .net "cin", 0 0, L_0x7fca71209060;  1 drivers
v0x55ea5ee8a5b0_0 .net "sum", 31 0, L_0x55ea5eea19a0;  alias, 1 drivers
L_0x55ea5ee98200 .part L_0x55ea5ee8ec00, 0, 16;
L_0x55ea5ee982a0 .part L_0x7fca71209018, 0, 16;
L_0x55ea5eea17d0 .part L_0x55ea5ee8ec00, 16, 16;
L_0x55ea5eea1900 .part L_0x7fca71209018, 16, 16;
L_0x55ea5eea19a0 .concat8 [ 16 16 0 0], L_0x55ea5ee980c0, L_0x55ea5eea1690;
S_0x55ea5ee60530 .scope module, "TA_0" "sixteenBitAdder" 5 13, 6 3 0, S_0x55ea5ee608b0;
 .timescale 0 0;
    .port_info 0 /INPUT 16 "a"
    .port_info 1 /INPUT 16 "b"
    .port_info 2 /INPUT 1 "cin"
    .port_info 3 /OUTPUT 16 "sum"
    .port_info 4 /OUTPUT 1 "ca"
v0x55ea5ee79f90_0 .net "a", 15 0, L_0x55ea5ee98200;  1 drivers
v0x55ea5ee7a090_0 .net "b", 15 0, L_0x55ea5ee982a0;  1 drivers
v0x55ea5ee7a170_0 .net "c1", 0 0, L_0x55ea5ee92c60;  1 drivers
v0x55ea5ee7a210_0 .net "ca", 0 0, L_0x55ea5ee97640;  alias, 1 drivers
v0x55ea5ee7a2b0_0 .net "cin", 0 0, L_0x7fca71209060;  alias, 1 drivers
v0x55ea5ee7a350_0 .net "sum", 15 0, L_0x55ea5ee980c0;  1 drivers
L_0x55ea5ee93500 .part L_0x55ea5ee98200, 0, 8;
L_0x55ea5ee935a0 .part L_0x55ea5ee982a0, 0, 8;
L_0x55ea5ee97ee0 .part L_0x55ea5ee98200, 8, 8;
L_0x55ea5ee97fd0 .part L_0x55ea5ee982a0, 8, 8;
L_0x55ea5ee980c0 .concat8 [ 8 8 0 0], L_0x55ea5ee933c0, L_0x55ea5ee97da0;
S_0x55ea5ee01ae0 .scope module, "SA_0" "eightBitAdder" 6 12, 7 3 0, S_0x55ea5ee60530;
 .timescale 0 0;
    .port_info 0 /INPUT 8 "a"
    .port_info 1 /INPUT 8 "b"
    .port_info 2 /INPUT 1 "cin"
    .port_info 3 /OUTPUT 8 "sum"
    .port_info 4 /OUTPUT 1 "ca"
v0x55ea5ee71ed0_0 .net "a", 7 0, L_0x55ea5ee93500;  1 drivers
v0x55ea5ee71fd0_0 .net "b", 7 0, L_0x55ea5ee935a0;  1 drivers
v0x55ea5ee720b0_0 .net "ca", 0 0, L_0x55ea5ee92c60;  alias, 1 drivers
v0x55ea5ee721a0_0 .net "cin", 0 0, L_0x7fca71209060;  alias, 1 drivers
v0x55ea5ee72290_0 .net "sum", 7 0, L_0x55ea5ee933c0;  1 drivers
v0x55ea5ee723a0_0 .net "w", 0 0, L_0x55ea5ee90890;  1 drivers
L_0x55ea5ee90e10 .part L_0x55ea5ee93500, 0, 4;
L_0x55ea5ee90eb0 .part L_0x55ea5ee935a0, 0, 4;
L_0x55ea5ee931e0 .part L_0x55ea5ee93500, 4, 4;
L_0x55ea5ee932d0 .part L_0x55ea5ee935a0, 4, 4;
L_0x55ea5ee933c0 .concat8 [ 4 4 0 0], L_0x55ea5ee90d70, L_0x55ea5ee93140;
S_0x55ea5ee00ec0 .scope module, "EA_0" "fourBitAdder" 7 13, 8 3 0, S_0x55ea5ee01ae0;
 .timescale 0 0;
    .port_info 0 /INPUT 4 "a"
    .port_info 1 /INPUT 4 "b"
    .port_info 2 /INPUT 1 "cin"
    .port_info 3 /OUTPUT 4 "sum"
    .port_info 4 /OUTPUT 1 "ca"
v0x55ea5ee6deb0_0 .net "a", 3 0, L_0x55ea5ee90e10;  1 drivers
v0x55ea5ee6dfb0_0 .net "b", 3 0, L_0x55ea5ee90eb0;  1 drivers
v0x55ea5ee6e090_0 .net "c1", 0 0, L_0x55ea5ee8f190;  1 drivers
v0x55ea5ee6e130_0 .net "c2", 0 0, L_0x55ea5ee8f880;  1 drivers
v0x55ea5ee6e220_0 .net "c3", 0 0, L_0x55ea5ee900d0;  1 drivers
v0x55ea5ee6e360_0 .net "ca", 0 0, L_0x55ea5ee90890;  alias, 1 drivers
v0x55ea5ee6e400_0 .net "cin", 0 0, L_0x7fca71209060;  alias, 1 drivers
v0x55ea5ee6e4a0_0 .net "sum", 3 0, L_0x55ea5ee90d70;  1 drivers
L_0x55ea5ee8f2a0 .part L_0x55ea5ee90e10, 0, 1;
L_0x55ea5ee8f340 .part L_0x55ea5ee90eb0, 0, 1;
L_0x55ea5ee8f990 .part L_0x55ea5ee90e10, 1, 1;
L_0x55ea5ee8fac0 .part L_0x55ea5ee90eb0, 1, 1;
L_0x55ea5ee901e0 .part L_0x55ea5ee90e10, 2, 1;
L_0x55ea5ee90310 .part L_0x55ea5ee90eb0, 2, 1;
L_0x55ea5ee909a0 .part L_0x55ea5ee90e10, 3, 1;
L_0x55ea5ee90b60 .part L_0x55ea5ee90eb0, 3, 1;
L_0x55ea5ee90d70 .concat8 [ 1 1 1 1], L_0x55ea5ee8ed90, L_0x55ea5ee8f4e0, L_0x55ea5ee8fc60, L_0x55ea5ee904f0;
S_0x55ea5ee5acd0 .scope module, "FA_0" "fullAdder" 8 12, 9 1 0, S_0x55ea5ee00ec0;
 .timescale 0 0;
    .port_info 0 /INPUT 1 "a"
    .port_info 1 /INPUT 1 "b"
    .port_info 2 /INPUT 1 "cin"
    .port_info 3 /OUTPUT 1 "sum"
    .port_info 4 /OUTPUT 1 "ca"
L_0x55ea5ee8ed00 .functor XOR 1, L_0x55ea5ee8f2a0, L_0x55ea5ee8f340, C4<0>, C4<0>;
L_0x55ea5ee8ed90 .functor XOR 1, L_0x55ea5ee8ed00, L_0x7fca71209060, C4<0>, C4<0>;
L_0x55ea5ee8ee50 .functor AND 1, L_0x55ea5ee8f2a0, L_0x55ea5ee8f340, C4<1>, C4<1>;
L_0x55ea5ee8ef60 .functor AND 1, L_0x55ea5ee8f2a0, L_0x7fca71209060, C4<1>, C4<1>;
L_0x55ea5ee8efd0 .functor OR 1, L_0x55ea5ee8ee50, L_0x55ea5ee8ef60, C4<0>, C4<0>;
L_0x55ea5ee8f0e0 .functor AND 1, L_0x55ea5ee8f340, L_0x7fca71209060, C4<1>, C4<1>;
L_0x55ea5ee8f190 .functor OR 1, L_0x55ea5ee8efd0, L_0x55ea5ee8f0e0, C4<0>, C4<0>;
v0x55ea5ee0c780_0 .net *"_s0", 0 0, L_0x55ea5ee8ed00;  1 drivers
v0x55ea5ee6b680_0 .net *"_s10", 0 0, L_0x55ea5ee8f0e0;  1 drivers
v0x55ea5ee6b760_0 .net *"_s4", 0 0, L_0x55ea5ee8ee50;  1 drivers
v0x55ea5ee6b820_0 .net *"_s6", 0 0, L_0x55ea5ee8ef60;  1 drivers
v0x55ea5ee6b900_0 .net *"_s8", 0 0, L_0x55ea5ee8efd0;  1 drivers
v0x55ea5ee6ba30_0 .net "a", 0 0, L_0x55ea5ee8f2a0;  1 drivers
v0x55ea5ee6baf0_0 .net "b", 0 0, L_0x55ea5ee8f340;  1 drivers
v0x55ea5ee6bbb0_0 .net "ca", 0 0, L_0x55ea5ee8f190;  alias, 1 drivers
v0x55ea5ee6bc70_0 .net "cin", 0 0, L_0x7fca71209060;  alias, 1 drivers
v0x55ea5ee6bd30_0 .net "sum", 0 0, L_0x55ea5ee8ed90;  1 drivers
S_0x55ea5ee6be90 .scope module, "FA_1" "fullAdder" 8 13, 9 1 0, S_0x55ea5ee00ec0;
 .timescale 0 0;
    .port_info 0 /INPUT 1 "a"
    .port_info 1 /INPUT 1 "b"
    .port_info 2 /INPUT 1 "cin"
    .port_info 3 /OUTPUT 1 "sum"
    .port_info 4 /OUTPUT 1 "ca"
L_0x55ea5ee8f470 .functor XOR 1, L_0x55ea5ee8f990, L_0x55ea5ee8fac0, C4<0>, C4<0>;
L_0x55ea5ee8f4e0 .functor XOR 1, L_0x55ea5ee8f470, L_0x55ea5ee8f190, C4<0>, C4<0>;
L_0x55ea5ee8f5e0 .functor AND 1, L_0x55ea5ee8f990, L_0x55ea5ee8fac0, C4<1>, C4<1>;
L_0x55ea5ee8f650 .functor AND 1, L_0x55ea5ee8f990, L_0x55ea5ee8f190, C4<1>, C4<1>;
L_0x55ea5ee8f6c0 .functor OR 1, L_0x55ea5ee8f5e0, L_0x55ea5ee8f650, C4<0>, C4<0>;
L_0x55ea5ee8f7d0 .functor AND 1, L_0x55ea5ee8fac0, L_0x55ea5ee8f190, C4<1>, C4<1>;
L_0x55ea5ee8f880 .functor OR 1, L_0x55ea5ee8f6c0, L_0x55ea5ee8f7d0, C4<0>, C4<0>;
v0x55ea5ee6c030_0 .net *"_s0", 0 0, L_0x55ea5ee8f470;  1 drivers
v0x55ea5ee6c110_0 .net *"_s10", 0 0, L_0x55ea5ee8f7d0;  1 drivers
v0x55ea5ee6c1f0_0 .net *"_s4", 0 0, L_0x55ea5ee8f5e0;  1 drivers
v0x55ea5ee6c2b0_0 .net *"_s6", 0 0, L_0x55ea5ee8f650;  1 drivers
v0x55ea5ee6c390_0 .net *"_s8", 0 0, L_0x55ea5ee8f6c0;  1 drivers
v0x55ea5ee6c4c0_0 .net "a", 0 0, L_0x55ea5ee8f990;  1 drivers
v0x55ea5ee6c580_0 .net "b", 0 0, L_0x55ea5ee8fac0;  1 drivers
v0x55ea5ee6c640_0 .net "ca", 0 0, L_0x55ea5ee8f880;  alias, 1 drivers
v0x55ea5ee6c700_0 .net "cin", 0 0, L_0x55ea5ee8f190;  alias, 1 drivers
v0x55ea5ee6c7a0_0 .net "sum", 0 0, L_0x55ea5ee8f4e0;  1 drivers
S_0x55ea5ee6c8e0 .scope module, "FA_2" "fullAdder" 8 14, 9 1 0, S_0x55ea5ee00ec0;
 .timescale 0 0;
    .port_info 0 /INPUT 1 "a"
    .port_info 1 /INPUT 1 "b"
    .port_info 2 /INPUT 1 "cin"
    .port_info 3 /OUTPUT 1 "sum"
    .port_info 4 /OUTPUT 1 "ca"
L_0x55ea5ee8fbf0 .functor XOR 1, L_0x55ea5ee901e0, L_0x55ea5ee90310, C4<0>, C4<0>;
L_0x55ea5ee8fc60 .functor XOR 1, L_0x55ea5ee8fbf0, L_0x55ea5ee8f880, C4<0>, C4<0>;
L_0x55ea5ee8fdb0 .functor AND 1, L_0x55ea5ee901e0, L_0x55ea5ee90310, C4<1>, C4<1>;
L_0x55ea5ee8fe70 .functor AND 1, L_0x55ea5ee901e0, L_0x55ea5ee8f880, C4<1>, C4<1>;
L_0x55ea5ee8ff10 .functor OR 1, L_0x55ea5ee8fdb0, L_0x55ea5ee8fe70, C4<0>, C4<0>;
L_0x55ea5ee90020 .functor AND 1, L_0x55ea5ee90310, L_0x55ea5ee8f880, C4<1>, C4<1>;
L_0x55ea5ee900d0 .functor OR 1, L_0x55ea5ee8ff10, L_0x55ea5ee90020, C4<0>, C4<0>;
v0x55ea5ee6ca60_0 .net *"_s0", 0 0, L_0x55ea5ee8fbf0;  1 drivers
v0x55ea5ee6cb40_0 .net *"_s10", 0 0, L_0x55ea5ee90020;  1 drivers
v0x55ea5ee6cc20_0 .net *"_s4", 0 0, L_0x55ea5ee8fdb0;  1 drivers
v0x55ea5ee6cce0_0 .net *"_s6", 0 0, L_0x55ea5ee8fe70;  1 drivers
v0x55ea5ee6cdc0_0 .net *"_s8", 0 0, L_0x55ea5ee8ff10;  1 drivers
v0x55ea5ee6cef0_0 .net "a", 0 0, L_0x55ea5ee901e0;  1 drivers
v0x55ea5ee6cfb0_0 .net "b", 0 0, L_0x55ea5ee90310;  1 drivers
v0x55ea5ee6d070_0 .net "ca", 0 0, L_0x55ea5ee900d0;  alias, 1 drivers
v0x55ea5ee6d130_0 .net "cin", 0 0, L_0x55ea5ee8f880;  alias, 1 drivers
v0x55ea5ee6d260_0 .net "sum", 0 0, L_0x55ea5ee8fc60;  1 drivers
S_0x55ea5ee6d3a0 .scope module, "FA_3" "fullAdder" 8 15, 9 1 0, S_0x55ea5ee00ec0;
 .timescale 0 0;
    .port_info 0 /INPUT 1 "a"
    .port_info 1 /INPUT 1 "b"
    .port_info 2 /INPUT 1 "cin"
    .port_info 3 /OUTPUT 1 "sum"
    .port_info 4 /OUTPUT 1 "ca"
L_0x55ea5ee90480 .functor XOR 1, L_0x55ea5ee909a0, L_0x55ea5ee90b60, C4<0>, C4<0>;
L_0x55ea5ee904f0 .functor XOR 1, L_0x55ea5ee90480, L_0x55ea5ee900d0, C4<0>, C4<0>;
L_0x55ea5ee905f0 .functor AND 1, L_0x55ea5ee909a0, L_0x55ea5ee90b60, C4<1>, C4<1>;
L_0x55ea5ee90660 .functor AND 1, L_0x55ea5ee909a0, L_0x55ea5ee900d0, C4<1>, C4<1>;
L_0x55ea5ee906d0 .functor OR 1, L_0x55ea5ee905f0, L_0x55ea5ee90660, C4<0>, C4<0>;
L_0x55ea5ee907e0 .functor AND 1, L_0x55ea5ee90b60, L_0x55ea5ee900d0, C4<1>, C4<1>;
L_0x55ea5ee90890 .functor OR 1, L_0x55ea5ee906d0, L_0x55ea5ee907e0, C4<0>, C4<0>;
v0x55ea5ee6d520_0 .net *"_s0", 0 0, L_0x55ea5ee90480;  1 drivers
v0x55ea5ee6d620_0 .net *"_s10", 0 0, L_0x55ea5ee907e0;  1 drivers
v0x55ea5ee6d700_0 .net *"_s4", 0 0, L_0x55ea5ee905f0;  1 drivers
v0x55ea5ee6d7c0_0 .net *"_s6", 0 0, L_0x55ea5ee90660;  1 drivers
v0x55ea5ee6d8a0_0 .net *"_s8", 0 0, L_0x55ea5ee906d0;  1 drivers
v0x55ea5ee6d9d0_0 .net "a", 0 0, L_0x55ea5ee909a0;  1 drivers
v0x55ea5ee6da90_0 .net "b", 0 0, L_0x55ea5ee90b60;  1 drivers
v0x55ea5ee6db50_0 .net "ca", 0 0, L_0x55ea5ee90890;  alias, 1 drivers
v0x55ea5ee6dc10_0 .net "cin", 0 0, L_0x55ea5ee900d0;  alias, 1 drivers
v0x55ea5ee6dd40_0 .net "sum", 0 0, L_0x55ea5ee904f0;  1 drivers
S_0x55ea5ee6e5c0 .scope module, "EA_1" "fourBitAdder" 7 14, 8 3 0, S_0x55ea5ee01ae0;
 .timescale 0 0;
    .port_info 0 /INPUT 4 "a"
    .port_info 1 /INPUT 4 "b"
    .port_info 2 /INPUT 1 "cin"
    .port_info 3 /OUTPUT 4 "sum"
    .port_info 4 /OUTPUT 1 "ca"
v0x55ea5ee717a0_0 .net "a", 3 0, L_0x55ea5ee931e0;  1 drivers
v0x55ea5ee718a0_0 .net "b", 3 0, L_0x55ea5ee932d0;  1 drivers
v0x55ea5ee71980_0 .net "c1", 0 0, L_0x55ea5ee914d0;  1 drivers
v0x55ea5ee71a20_0 .net "c2", 0 0, L_0x55ea5ee91bf0;  1 drivers
v0x55ea5ee71b10_0 .net "c3", 0 0, L_0x55ea5ee92470;  1 drivers
v0x55ea5ee71c50_0 .net "ca", 0 0, L_0x55ea5ee92c60;  alias, 1 drivers
v0x55ea5ee71cf0_0 .net "cin", 0 0, L_0x55ea5ee90890;  alias, 1 drivers
v0x55ea5ee71d90_0 .net "sum", 3 0, L_0x55ea5ee93140;  1 drivers
L_0x55ea5ee915e0 .part L_0x55ea5ee931e0, 0, 1;
L_0x55ea5ee91680 .part L_0x55ea5ee932d0, 0, 1;
L_0x55ea5ee91d00 .part L_0x55ea5ee931e0, 1, 1;
L_0x55ea5ee91e30 .part L_0x55ea5ee932d0, 1, 1;
L_0x55ea5ee92580 .part L_0x55ea5ee931e0, 2, 1;
L_0x55ea5ee926b0 .part L_0x55ea5ee932d0, 2, 1;
L_0x55ea5ee92d70 .part L_0x55ea5ee931e0, 3, 1;
L_0x55ea5ee92f30 .part L_0x55ea5ee932d0, 3, 1;
L_0x55ea5ee93140 .concat8 [ 1 1 1 1], L_0x55ea5ee90fc0, L_0x55ea5ee91820, L_0x55ea5ee92000, L_0x55ea5ee92890;
S_0x55ea5ee6e830 .scope module, "FA_0" "fullAdder" 8 12, 9 1 0, S_0x55ea5ee6e5c0;
 .timescale 0 0;
    .port_info 0 /INPUT 1 "a"
    .port_info 1 /INPUT 1 "b"
    .port_info 2 /INPUT 1 "cin"
    .port_info 3 /OUTPUT 1 "sum"
    .port_info 4 /OUTPUT 1 "ca"
L_0x55ea5ee90f50 .functor XOR 1, L_0x55ea5ee915e0, L_0x55ea5ee91680, C4<0>, C4<0>;
L_0x55ea5ee90fc0 .functor XOR 1, L_0x55ea5ee90f50, L_0x55ea5ee90890, C4<0>, C4<0>;
L_0x55ea5ee91080 .functor AND 1, L_0x55ea5ee915e0, L_0x55ea5ee91680, C4<1>, C4<1>;
L_0x55ea5ee91190 .functor AND 1, L_0x55ea5ee915e0, L_0x55ea5ee90890, C4<1>, C4<1>;
L_0x55ea5ee91200 .functor OR 1, L_0x55ea5ee91080, L_0x55ea5ee91190, C4<0>, C4<0>;
L_0x55ea5ee91310 .functor AND 1, L_0x55ea5ee91680, L_0x55ea5ee90890, C4<1>, C4<1>;
L_0x55ea5ee914d0 .functor OR 1, L_0x55ea5ee91200, L_0x55ea5ee91310, C4<0>, C4<0>;
v0x55ea5ee6ea80_0 .net *"_s0", 0 0, L_0x55ea5ee90f50;  1 drivers
v0x55ea5ee6eb80_0 .net *"_s10", 0 0, L_0x55ea5ee91310;  1 drivers
v0x55ea5ee6ec60_0 .net *"_s4", 0 0, L_0x55ea5ee91080;  1 drivers
v0x55ea5ee6ed50_0 .net *"_s6", 0 0, L_0x55ea5ee91190;  1 drivers
v0x55ea5ee6ee30_0 .net *"_s8", 0 0, L_0x55ea5ee91200;  1 drivers
v0x55ea5ee6ef60_0 .net "a", 0 0, L_0x55ea5ee915e0;  1 drivers
v0x55ea5ee6f020_0 .net "b", 0 0, L_0x55ea5ee91680;  1 drivers
v0x55ea5ee6f0e0_0 .net "ca", 0 0, L_0x55ea5ee914d0;  alias, 1 drivers
v0x55ea5ee6f1a0_0 .net "cin", 0 0, L_0x55ea5ee90890;  alias, 1 drivers
v0x55ea5ee6f2d0_0 .net "sum", 0 0, L_0x55ea5ee90fc0;  1 drivers
S_0x55ea5ee6f430 .scope module, "FA_1" "fullAdder" 8 13, 9 1 0, S_0x55ea5ee6e5c0;
 .timescale 0 0;
    .port_info 0 /INPUT 1 "a"
    .port_info 1 /INPUT 1 "b"
    .port_info 2 /INPUT 1 "cin"
    .port_info 3 /OUTPUT 1 "sum"
    .port_info 4 /OUTPUT 1 "ca"
L_0x55ea5ee917b0 .functor XOR 1, L_0x55ea5ee91d00, L_0x55ea5ee91e30, C4<0>, C4<0>;
L_0x55ea5ee91820 .functor XOR 1, L_0x55ea5ee917b0, L_0x55ea5ee914d0, C4<0>, C4<0>;
L_0x55ea5ee91920 .functor AND 1, L_0x55ea5ee91d00, L_0x55ea5ee91e30, C4<1>, C4<1>;
L_0x55ea5ee91990 .functor AND 1, L_0x55ea5ee91d00, L_0x55ea5ee914d0, C4<1>, C4<1>;
L_0x55ea5ee91a30 .functor OR 1, L_0x55ea5ee91920, L_0x55ea5ee91990, C4<0>, C4<0>;
L_0x55ea5ee91b40 .functor AND 1, L_0x55ea5ee91e30, L_0x55ea5ee914d0, C4<1>, C4<1>;
L_0x55ea5ee91bf0 .functor OR 1, L_0x55ea5ee91a30, L_0x55ea5ee91b40, C4<0>, C4<0>;
v0x55ea5ee6f6a0_0 .net *"_s0", 0 0, L_0x55ea5ee917b0;  1 drivers
v0x55ea5ee6f780_0 .net *"_s10", 0 0, L_0x55ea5ee91b40;  1 drivers
v0x55ea5ee6f860_0 .net *"_s4", 0 0, L_0x55ea5ee91920;  1 drivers
v0x55ea5ee6f920_0 .net *"_s6", 0 0, L_0x55ea5ee91990;  1 drivers
v0x55ea5ee6fa00_0 .net *"_s8", 0 0, L_0x55ea5ee91a30;  1 drivers
v0x55ea5ee6fb30_0 .net "a", 0 0, L_0x55ea5ee91d00;  1 drivers
v0x55ea5ee6fbf0_0 .net "b", 0 0, L_0x55ea5ee91e30;  1 drivers
v0x55ea5ee6fcb0_0 .net "ca", 0 0, L_0x55ea5ee91bf0;  alias, 1 drivers
v0x55ea5ee6fd70_0 .net "cin", 0 0, L_0x55ea5ee914d0;  alias, 1 drivers
v0x55ea5ee6fea0_0 .net "sum", 0 0, L_0x55ea5ee91820;  1 drivers
S_0x55ea5ee70010 .scope module, "FA_2" "fullAdder" 8 14, 9 1 0, S_0x55ea5ee6e5c0;
 .timescale 0 0;
    .port_info 0 /INPUT 1 "a"
    .port_info 1 /INPUT 1 "b"
    .port_info 2 /INPUT 1 "cin"
    .port_info 3 /OUTPUT 1 "sum"
    .port_info 4 /OUTPUT 1 "ca"
L_0x55ea5ee91f90 .functor XOR 1, L_0x55ea5ee92580, L_0x55ea5ee926b0, C4<0>, C4<0>;
L_0x55ea5ee92000 .functor XOR 1, L_0x55ea5ee91f90, L_0x55ea5ee91bf0, C4<0>, C4<0>;
L_0x55ea5ee92150 .functor AND 1, L_0x55ea5ee92580, L_0x55ea5ee926b0, C4<1>, C4<1>;
L_0x55ea5ee92210 .functor AND 1, L_0x55ea5ee92580, L_0x55ea5ee91bf0, C4<1>, C4<1>;
L_0x55ea5ee922b0 .functor OR 1, L_0x55ea5ee92150, L_0x55ea5ee92210, C4<0>, C4<0>;
L_0x55ea5ee923c0 .functor AND 1, L_0x55ea5ee926b0, L_0x55ea5ee91bf0, C4<1>, C4<1>;
L_0x55ea5ee92470 .functor OR 1, L_0x55ea5ee922b0, L_0x55ea5ee923c0, C4<0>, C4<0>;
v0x55ea5ee70240_0 .net *"_s0", 0 0, L_0x55ea5ee91f90;  1 drivers
v0x55ea5ee70320_0 .net *"_s10", 0 0, L_0x55ea5ee923c0;  1 drivers
v0x55ea5ee70400_0 .net *"_s4", 0 0, L_0x55ea5ee92150;  1 drivers
v0x55ea5ee704f0_0 .net *"_s6", 0 0, L_0x55ea5ee92210;  1 drivers
v0x55ea5ee705d0_0 .net *"_s8", 0 0, L_0x55ea5ee922b0;  1 drivers
v0x55ea5ee70700_0 .net "a", 0 0, L_0x55ea5ee92580;  1 drivers
v0x55ea5ee707c0_0 .net "b", 0 0, L_0x55ea5ee926b0;  1 drivers
v0x55ea5ee70880_0 .net "ca", 0 0, L_0x55ea5ee92470;  alias, 1 drivers
v0x55ea5ee70940_0 .net "cin", 0 0, L_0x55ea5ee91bf0;  alias, 1 drivers
v0x55ea5ee70a70_0 .net "sum", 0 0, L_0x55ea5ee92000;  1 drivers
S_0x55ea5ee70be0 .scope module, "FA_3" "fullAdder" 8 15, 9 1 0, S_0x55ea5ee6e5c0;
 .timescale 0 0;
    .port_info 0 /INPUT 1 "a"
    .port_info 1 /INPUT 1 "b"
    .port_info 2 /INPUT 1 "cin"
    .port_info 3 /OUTPUT 1 "sum"
    .port_info 4 /OUTPUT 1 "ca"
L_0x55ea5ee92820 .functor XOR 1, L_0x55ea5ee92d70, L_0x55ea5ee92f30, C4<0>, C4<0>;
L_0x55ea5ee92890 .functor XOR 1, L_0x55ea5ee92820, L_0x55ea5ee92470, C4<0>, C4<0>;
L_0x55ea5ee92990 .functor AND 1, L_0x55ea5ee92d70, L_0x55ea5ee92f30, C4<1>, C4<1>;
L_0x55ea5ee92a00 .functor AND 1, L_0x55ea5ee92d70, L_0x55ea5ee92470, C4<1>, C4<1>;
L_0x55ea5ee92aa0 .functor OR 1, L_0x55ea5ee92990, L_0x55ea5ee92a00, C4<0>, C4<0>;
L_0x55ea5ee92bb0 .functor AND 1, L_0x55ea5ee92f30, L_0x55ea5ee92470, C4<1>, C4<1>;
L_0x55ea5ee92c60 .functor OR 1, L_0x55ea5ee92aa0, L_0x55ea5ee92bb0, C4<0>, C4<0>;
v0x55ea5ee70de0_0 .net *"_s0", 0 0, L_0x55ea5ee92820;  1 drivers
v0x55ea5ee70ee0_0 .net *"_s10", 0 0, L_0x55ea5ee92bb0;  1 drivers
v0x55ea5ee70fc0_0 .net *"_s4", 0 0, L_0x55ea5ee92990;  1 drivers
v0x55ea5ee710b0_0 .net *"_s6", 0 0, L_0x55ea5ee92a00;  1 drivers
v0x55ea5ee71190_0 .net *"_s8", 0 0, L_0x55ea5ee92aa0;  1 drivers
v0x55ea5ee712c0_0 .net "a", 0 0, L_0x55ea5ee92d70;  1 drivers
v0x55ea5ee71380_0 .net "b", 0 0, L_0x55ea5ee92f30;  1 drivers
v0x55ea5ee71440_0 .net "ca", 0 0, L_0x55ea5ee92c60;  alias, 1 drivers
v0x55ea5ee71500_0 .net "cin", 0 0, L_0x55ea5ee92470;  alias, 1 drivers
v0x55ea5ee71630_0 .net "sum", 0 0, L_0x55ea5ee92890;  1 drivers
S_0x55ea5ee72570 .scope module, "SA_1" "eightBitAdder" 6 13, 7 3 0, S_0x55ea5ee60530;
 .timescale 0 0;
    .port_info 0 /INPUT 8 "a"
    .port_info 1 /INPUT 8 "b"
    .port_info 2 /INPUT 1 "cin"
    .port_info 3 /OUTPUT 8 "sum"
    .port_info 4 /OUTPUT 1 "ca"
v0x55ea5ee79940_0 .net "a", 7 0, L_0x55ea5ee97ee0;  1 drivers
v0x55ea5ee79a40_0 .net "b", 7 0, L_0x55ea5ee97fd0;  1 drivers
v0x55ea5ee79b20_0 .net "ca", 0 0, L_0x55ea5ee97640;  alias, 1 drivers
v0x55ea5ee79c10_0 .net "cin", 0 0, L_0x55ea5ee92c60;  alias, 1 drivers
v0x55ea5ee79cb0_0 .net "sum", 7 0, L_0x55ea5ee97da0;  1 drivers
v0x55ea5ee79dc0_0 .net "w", 0 0, L_0x55ea5ee952b0;  1 drivers
L_0x55ea5ee95830 .part L_0x55ea5ee97ee0, 0, 4;
L_0x55ea5ee958d0 .part L_0x55ea5ee97fd0, 0, 4;
L_0x55ea5ee97bc0 .part L_0x55ea5ee97ee0, 4, 4;
L_0x55ea5ee97cb0 .part L_0x55ea5ee97fd0, 4, 4;
L_0x55ea5ee97da0 .concat8 [ 4 4 0 0], L_0x55ea5ee95790, L_0x55ea5ee97b20;
S_0x55ea5ee72790 .scope module, "EA_0" "fourBitAdder" 7 13, 8 3 0, S_0x55ea5ee72570;
 .timescale 0 0;
    .port_info 0 /INPUT 4 "a"
    .port_info 1 /INPUT 4 "b"
    .port_info 2 /INPUT 1 "cin"
    .port_info 3 /OUTPUT 4 "sum"
    .port_info 4 /OUTPUT 1 "ca"
v0x55ea5ee758f0_0 .net "a", 3 0, L_0x55ea5ee95830;  1 drivers
v0x55ea5ee759f0_0 .net "b", 3 0, L_0x55ea5ee958d0;  1 drivers
v0x55ea5ee75ad0_0 .net "c1", 0 0, L_0x55ea5ee93b80;  1 drivers
v0x55ea5ee75b70_0 .net "c2", 0 0, L_0x55ea5ee94270;  1 drivers
v0x55ea5ee75c60_0 .net "c3", 0 0, L_0x55ea5ee94af0;  1 drivers
v0x55ea5ee75da0_0 .net "ca", 0 0, L_0x55ea5ee952b0;  alias, 1 drivers
v0x55ea5ee75e40_0 .net "cin", 0 0, L_0x55ea5ee92c60;  alias, 1 drivers
v0x55ea5ee75f70_0 .net "sum", 3 0, L_0x55ea5ee95790;  1 drivers
L_0x55ea5ee93c90 .part L_0x55ea5ee95830, 0, 1;
L_0x55ea5ee93d30 .part L_0x55ea5ee958d0, 0, 1;
L_0x55ea5ee94380 .part L_0x55ea5ee95830, 1, 1;
L_0x55ea5ee944b0 .part L_0x55ea5ee958d0, 1, 1;
L_0x55ea5ee94c00 .part L_0x55ea5ee95830, 2, 1;
L_0x55ea5ee94d30 .part L_0x55ea5ee958d0, 2, 1;
L_0x55ea5ee953c0 .part L_0x55ea5ee95830, 3, 1;
L_0x55ea5ee95580 .part L_0x55ea5ee958d0, 3, 1;
L_0x55ea5ee95790 .concat8 [ 1 1 1 1], L_0x55ea5ee936b0, L_0x55ea5ee93ed0, L_0x55ea5ee94680, L_0x55ea5ee94f10;
S_0x55ea5ee729e0 .scope module, "FA_0" "fullAdder" 8 12, 9 1 0, S_0x55ea5ee72790;
 .timescale 0 0;
    .port_info 0 /INPUT 1 "a"
    .port_info 1 /INPUT 1 "b"
    .port_info 2 /INPUT 1 "cin"
    .port_info 3 /OUTPUT 1 "sum"
    .port_info 4 /OUTPUT 1 "ca"
L_0x55ea5ee93640 .functor XOR 1, L_0x55ea5ee93c90, L_0x55ea5ee93d30, C4<0>, C4<0>;
L_0x55ea5ee936b0 .functor XOR 1, L_0x55ea5ee93640, L_0x55ea5ee92c60, C4<0>, C4<0>;
L_0x55ea5ee93880 .functor AND 1, L_0x55ea5ee93c90, L_0x55ea5ee93d30, C4<1>, C4<1>;
L_0x55ea5ee93990 .functor AND 1, L_0x55ea5ee93c90, L_0x55ea5ee92c60, C4<1>, C4<1>;
L_0x55ea5ee93a00 .functor OR 1, L_0x55ea5ee93880, L_0x55ea5ee93990, C4<0>, C4<0>;
L_0x55ea5ee93b10 .functor AND 1, L_0x55ea5ee93d30, L_0x55ea5ee92c60, C4<1>, C4<1>;
L_0x55ea5ee93b80 .functor OR 1, L_0x55ea5ee93a00, L_0x55ea5ee93b10, C4<0>, C4<0>;
v0x55ea5ee72c50_0 .net *"_s0", 0 0, L_0x55ea5ee93640;  1 drivers
v0x55ea5ee72d50_0 .net *"_s10", 0 0, L_0x55ea5ee93b10;  1 drivers
v0x55ea5ee72e30_0 .net *"_s4", 0 0, L_0x55ea5ee93880;  1 drivers
v0x55ea5ee72ef0_0 .net *"_s6", 0 0, L_0x55ea5ee93990;  1 drivers
v0x55ea5ee72fd0_0 .net *"_s8", 0 0, L_0x55ea5ee93a00;  1 drivers
v0x55ea5ee73100_0 .net "a", 0 0, L_0x55ea5ee93c90;  1 drivers
v0x55ea5ee731c0_0 .net "b", 0 0, L_0x55ea5ee93d30;  1 drivers
v0x55ea5ee73280_0 .net "ca", 0 0, L_0x55ea5ee93b80;  alias, 1 drivers
v0x55ea5ee73340_0 .net "cin", 0 0, L_0x55ea5ee92c60;  alias, 1 drivers
v0x55ea5ee73470_0 .net "sum", 0 0, L_0x55ea5ee936b0;  1 drivers
S_0x55ea5ee735d0 .scope module, "FA_1" "fullAdder" 8 13, 9 1 0, S_0x55ea5ee72790;
 .timescale 0 0;
    .port_info 0 /INPUT 1 "a"
    .port_info 1 /INPUT 1 "b"
    .port_info 2 /INPUT 1 "cin"
    .port_info 3 /OUTPUT 1 "sum"
    .port_info 4 /OUTPUT 1 "ca"
L_0x55ea5ee93e60 .functor XOR 1, L_0x55ea5ee94380, L_0x55ea5ee944b0, C4<0>, C4<0>;
L_0x55ea5ee93ed0 .functor XOR 1, L_0x55ea5ee93e60, L_0x55ea5ee93b80, C4<0>, C4<0>;
L_0x55ea5ee93fd0 .functor AND 1, L_0x55ea5ee94380, L_0x55ea5ee944b0, C4<1>, C4<1>;
L_0x55ea5ee94040 .functor AND 1, L_0x55ea5ee94380, L_0x55ea5ee93b80, C4<1>, C4<1>;
L_0x55ea5ee940b0 .functor OR 1, L_0x55ea5ee93fd0, L_0x55ea5ee94040, C4<0>, C4<0>;
L_0x55ea5ee941c0 .functor AND 1, L_0x55ea5ee944b0, L_0x55ea5ee93b80, C4<1>, C4<1>;
L_0x55ea5ee94270 .functor OR 1, L_0x55ea5ee940b0, L_0x55ea5ee941c0, C4<0>, C4<0>;
v0x55ea5ee737f0_0 .net *"_s0", 0 0, L_0x55ea5ee93e60;  1 drivers
v0x55ea5ee738d0_0 .net *"_s10", 0 0, L_0x55ea5ee941c0;  1 drivers
v0x55ea5ee739b0_0 .net *"_s4", 0 0, L_0x55ea5ee93fd0;  1 drivers
v0x55ea5ee73a70_0 .net *"_s6", 0 0, L_0x55ea5ee94040;  1 drivers
v0x55ea5ee73b50_0 .net *"_s8", 0 0, L_0x55ea5ee940b0;  1 drivers
v0x55ea5ee73c80_0 .net "a", 0 0, L_0x55ea5ee94380;  1 drivers
v0x55ea5ee73d40_0 .net "b", 0 0, L_0x55ea5ee944b0;  1 drivers
v0x55ea5ee73e00_0 .net "ca", 0 0, L_0x55ea5ee94270;  alias, 1 drivers
v0x55ea5ee73ec0_0 .net "cin", 0 0, L_0x55ea5ee93b80;  alias, 1 drivers
v0x55ea5ee73ff0_0 .net "sum", 0 0, L_0x55ea5ee93ed0;  1 drivers
S_0x55ea5ee74160 .scope module, "FA_2" "fullAdder" 8 14, 9 1 0, S_0x55ea5ee72790;
 .timescale 0 0;
    .port_info 0 /INPUT 1 "a"
    .port_info 1 /INPUT 1 "b"
    .port_info 2 /INPUT 1 "cin"
    .port_info 3 /OUTPUT 1 "sum"
    .port_info 4 /OUTPUT 1 "ca"
L_0x55ea5ee94610 .functor XOR 1, L_0x55ea5ee94c00, L_0x55ea5ee94d30, C4<0>, C4<0>;
L_0x55ea5ee94680 .functor XOR 1, L_0x55ea5ee94610, L_0x55ea5ee94270, C4<0>, C4<0>;
L_0x55ea5ee947d0 .functor AND 1, L_0x55ea5ee94c00, L_0x55ea5ee94d30, C4<1>, C4<1>;
L_0x55ea5ee94890 .functor AND 1, L_0x55ea5ee94c00, L_0x55ea5ee94270, C4<1>, C4<1>;
L_0x55ea5ee94930 .functor OR 1, L_0x55ea5ee947d0, L_0x55ea5ee94890, C4<0>, C4<0>;
L_0x55ea5ee94a40 .functor AND 1, L_0x55ea5ee94d30, L_0x55ea5ee94270, C4<1>, C4<1>;
L_0x55ea5ee94af0 .functor OR 1, L_0x55ea5ee94930, L_0x55ea5ee94a40, C4<0>, C4<0>;
v0x55ea5ee74390_0 .net *"_s0", 0 0, L_0x55ea5ee94610;  1 drivers
v0x55ea5ee74470_0 .net *"_s10", 0 0, L_0x55ea5ee94a40;  1 drivers
v0x55ea5ee74550_0 .net *"_s4", 0 0, L_0x55ea5ee947d0;  1 drivers
v0x55ea5ee74640_0 .net *"_s6", 0 0, L_0x55ea5ee94890;  1 drivers
v0x55ea5ee74720_0 .net *"_s8", 0 0, L_0x55ea5ee94930;  1 drivers
v0x55ea5ee74850_0 .net "a", 0 0, L_0x55ea5ee94c00;  1 drivers
v0x55ea5ee74910_0 .net "b", 0 0, L_0x55ea5ee94d30;  1 drivers
v0x55ea5ee749d0_0 .net "ca", 0 0, L_0x55ea5ee94af0;  alias, 1 drivers
v0x55ea5ee74a90_0 .net "cin", 0 0, L_0x55ea5ee94270;  alias, 1 drivers
v0x55ea5ee74bc0_0 .net "sum", 0 0, L_0x55ea5ee94680;  1 drivers
S_0x55ea5ee74d30 .scope module, "FA_3" "fullAdder" 8 15, 9 1 0, S_0x55ea5ee72790;
 .timescale 0 0;
    .port_info 0 /INPUT 1 "a"
    .port_info 1 /INPUT 1 "b"
    .port_info 2 /INPUT 1 "cin"
    .port_info 3 /OUTPUT 1 "sum"
    .port_info 4 /OUTPUT 1 "ca"
L_0x55ea5ee94ea0 .functor XOR 1, L_0x55ea5ee953c0, L_0x55ea5ee95580, C4<0>, C4<0>;
L_0x55ea5ee94f10 .functor XOR 1, L_0x55ea5ee94ea0, L_0x55ea5ee94af0, C4<0>, C4<0>;
L_0x55ea5ee95010 .functor AND 1, L_0x55ea5ee953c0, L_0x55ea5ee95580, C4<1>, C4<1>;
L_0x55ea5ee95080 .functor AND 1, L_0x55ea5ee953c0, L_0x55ea5ee94af0, C4<1>, C4<1>;
L_0x55ea5ee950f0 .functor OR 1, L_0x55ea5ee95010, L_0x55ea5ee95080, C4<0>, C4<0>;
L_0x55ea5ee95200 .functor AND 1, L_0x55ea5ee95580, L_0x55ea5ee94af0, C4<1>, C4<1>;
L_0x55ea5ee952b0 .functor OR 1, L_0x55ea5ee950f0, L_0x55ea5ee95200, C4<0>, C4<0>;
v0x55ea5ee74f30_0 .net *"_s0", 0 0, L_0x55ea5ee94ea0;  1 drivers
v0x55ea5ee75030_0 .net *"_s10", 0 0, L_0x55ea5ee95200;  1 drivers
v0x55ea5ee75110_0 .net *"_s4", 0 0, L_0x55ea5ee95010;  1 drivers
v0x55ea5ee75200_0 .net *"_s6", 0 0, L_0x55ea5ee95080;  1 drivers
v0x55ea5ee752e0_0 .net *"_s8", 0 0, L_0x55ea5ee950f0;  1 drivers
v0x55ea5ee75410_0 .net "a", 0 0, L_0x55ea5ee953c0;  1 drivers
v0x55ea5ee754d0_0 .net "b", 0 0, L_0x55ea5ee95580;  1 drivers
v0x55ea5ee75590_0 .net "ca", 0 0, L_0x55ea5ee952b0;  alias, 1 drivers
v0x55ea5ee75650_0 .net "cin", 0 0, L_0x55ea5ee94af0;  alias, 1 drivers
v0x55ea5ee75780_0 .net "sum", 0 0, L_0x55ea5ee94f10;  1 drivers
S_0x55ea5ee760b0 .scope module, "EA_1" "fourBitAdder" 7 14, 8 3 0, S_0x55ea5ee72570;
 .timescale 0 0;
    .port_info 0 /INPUT 4 "a"
    .port_info 1 /INPUT 4 "b"
    .port_info 2 /INPUT 1 "cin"
    .port_info 3 /OUTPUT 4 "sum"
    .port_info 4 /OUTPUT 1 "ca"
v0x55ea5ee79210_0 .net "a", 3 0, L_0x55ea5ee97bc0;  1 drivers
v0x55ea5ee79310_0 .net "b", 3 0, L_0x55ea5ee97cb0;  1 drivers
v0x55ea5ee793f0_0 .net "c1", 0 0, L_0x55ea5ee95eb0;  1 drivers
v0x55ea5ee79490_0 .net "c2", 0 0, L_0x55ea5ee965d0;  1 drivers
v0x55ea5ee79580_0 .net "c3", 0 0, L_0x55ea5ee96e50;  1 drivers
v0x55ea5ee796c0_0 .net "ca", 0 0, L_0x55ea5ee97640;  alias, 1 drivers
v0x55ea5ee79760_0 .net "cin", 0 0, L_0x55ea5ee952b0;  alias, 1 drivers
v0x55ea5ee79800_0 .net "sum", 3 0, L_0x55ea5ee97b20;  1 drivers
L_0x55ea5ee95fc0 .part L_0x55ea5ee97bc0, 0, 1;
L_0x55ea5ee96060 .part L_0x55ea5ee97cb0, 0, 1;
L_0x55ea5ee966e0 .part L_0x55ea5ee97bc0, 1, 1;
L_0x55ea5ee96810 .part L_0x55ea5ee97cb0, 1, 1;
L_0x55ea5ee96f60 .part L_0x55ea5ee97bc0, 2, 1;
L_0x55ea5ee97090 .part L_0x55ea5ee97cb0, 2, 1;
L_0x55ea5ee97750 .part L_0x55ea5ee97bc0, 3, 1;
L_0x55ea5ee97910 .part L_0x55ea5ee97cb0, 3, 1;
L_0x55ea5ee97b20 .concat8 [ 1 1 1 1], L_0x55ea5ee959e0, L_0x55ea5ee96200, L_0x55ea5ee969e0, L_0x55ea5ee97270;
S_0x55ea5ee762d0 .scope module, "FA_0" "fullAdder" 8 12, 9 1 0, S_0x55ea5ee760b0;
 .timescale 0 0;
    .port_info 0 /INPUT 1 "a"
    .port_info 1 /INPUT 1 "b"
    .port_info 2 /INPUT 1 "cin"
    .port_info 3 /OUTPUT 1 "sum"
    .port_info 4 /OUTPUT 1 "ca"
L_0x55ea5ee95970 .functor XOR 1, L_0x55ea5ee95fc0, L_0x55ea5ee96060, C4<0>, C4<0>;
L_0x55ea5ee959e0 .functor XOR 1, L_0x55ea5ee95970, L_0x55ea5ee952b0, C4<0>, C4<0>;
L_0x55ea5ee95aa0 .functor AND 1, L_0x55ea5ee95fc0, L_0x55ea5ee96060, C4<1>, C4<1>;
L_0x55ea5ee95bb0 .functor AND 1, L_0x55ea5ee95fc0, L_0x55ea5ee952b0, C4<1>, C4<1>;
L_0x55ea5ee95c20 .functor OR 1, L_0x55ea5ee95aa0, L_0x55ea5ee95bb0, C4<0>, C4<0>;
L_0x55ea5ee95d30 .functor AND 1, L_0x55ea5ee96060, L_0x55ea5ee952b0, C4<1>, C4<1>;
L_0x55ea5ee95eb0 .functor OR 1, L_0x55ea5ee95c20, L_0x55ea5ee95d30, C4<0>, C4<0>;
v0x55ea5ee76520_0 .net *"_s0", 0 0, L_0x55ea5ee95970;  1 drivers
v0x55ea5ee76620_0 .net *"_s10", 0 0, L_0x55ea5ee95d30;  1 drivers
v0x55ea5ee76700_0 .net *"_s4", 0 0, L_0x55ea5ee95aa0;  1 drivers
v0x55ea5ee767c0_0 .net *"_s6", 0 0, L_0x55ea5ee95bb0;  1 drivers
v0x55ea5ee768a0_0 .net *"_s8", 0 0, L_0x55ea5ee95c20;  1 drivers
v0x55ea5ee769d0_0 .net "a", 0 0, L_0x55ea5ee95fc0;  1 drivers
v0x55ea5ee76a90_0 .net "b", 0 0, L_0x55ea5ee96060;  1 drivers
v0x55ea5ee76b50_0 .net "ca", 0 0, L_0x55ea5ee95eb0;  alias, 1 drivers
v0x55ea5ee76c10_0 .net "cin", 0 0, L_0x55ea5ee952b0;  alias, 1 drivers
v0x55ea5ee76d40_0 .net "sum", 0 0, L_0x55ea5ee959e0;  1 drivers
S_0x55ea5ee76ea0 .scope module, "FA_1" "fullAdder" 8 13, 9 1 0, S_0x55ea5ee760b0;
 .timescale 0 0;
    .port_info 0 /INPUT 1 "a"
    .port_info 1 /INPUT 1 "b"
    .port_info 2 /INPUT 1 "cin"
    .port_info 3 /OUTPUT 1 "sum"
    .port_info 4 /OUTPUT 1 "ca"
L_0x55ea5ee96190 .functor XOR 1, L_0x55ea5ee966e0, L_0x55ea5ee96810, C4<0>, C4<0>;
L_0x55ea5ee96200 .functor XOR 1, L_0x55ea5ee96190, L_0x55ea5ee95eb0, C4<0>, C4<0>;
L_0x55ea5ee96300 .functor AND 1, L_0x55ea5ee966e0, L_0x55ea5ee96810, C4<1>, C4<1>;
L_0x55ea5ee96370 .functor AND 1, L_0x55ea5ee966e0, L_0x55ea5ee95eb0, C4<1>, C4<1>;
L_0x55ea5ee96410 .functor OR 1, L_0x55ea5ee96300, L_0x55ea5ee96370, C4<0>, C4<0>;
L_0x55ea5ee96520 .functor AND 1, L_0x55ea5ee96810, L_0x55ea5ee95eb0, C4<1>, C4<1>;
L_0x55ea5ee965d0 .functor OR 1, L_0x55ea5ee96410, L_0x55ea5ee96520, C4<0>, C4<0>;
v0x55ea5ee77110_0 .net *"_s0", 0 0, L_0x55ea5ee96190;  1 drivers
v0x55ea5ee771f0_0 .net *"_s10", 0 0, L_0x55ea5ee96520;  1 drivers
v0x55ea5ee772d0_0 .net *"_s4", 0 0, L_0x55ea5ee96300;  1 drivers
v0x55ea5ee77390_0 .net *"_s6", 0 0, L_0x55ea5ee96370;  1 drivers
v0x55ea5ee77470_0 .net *"_s8", 0 0, L_0x55ea5ee96410;  1 drivers
v0x55ea5ee775a0_0 .net "a", 0 0, L_0x55ea5ee966e0;  1 drivers
v0x55ea5ee77660_0 .net "b", 0 0, L_0x55ea5ee96810;  1 drivers
v0x55ea5ee77720_0 .net "ca", 0 0, L_0x55ea5ee965d0;  alias, 1 drivers
v0x55ea5ee777e0_0 .net "cin", 0 0, L_0x55ea5ee95eb0;  alias, 1 drivers
v0x55ea5ee77910_0 .net "sum", 0 0, L_0x55ea5ee96200;  1 drivers
S_0x55ea5ee77a80 .scope module, "FA_2" "fullAdder" 8 14, 9 1 0, S_0x55ea5ee760b0;
 .timescale 0 0;
    .port_info 0 /INPUT 1 "a"
    .port_info 1 /INPUT 1 "b"
    .port_info 2 /INPUT 1 "cin"
    .port_info 3 /OUTPUT 1 "sum"
    .port_info 4 /OUTPUT 1 "ca"
L_0x55ea5ee96970 .functor XOR 1, L_0x55ea5ee96f60, L_0x55ea5ee97090, C4<0>, C4<0>;
L_0x55ea5ee969e0 .functor XOR 1, L_0x55ea5ee96970, L_0x55ea5ee965d0, C4<0>, C4<0>;
L_0x55ea5ee96b30 .functor AND 1, L_0x55ea5ee96f60, L_0x55ea5ee97090, C4<1>, C4<1>;
L_0x55ea5ee96bf0 .functor AND 1, L_0x55ea5ee96f60, L_0x55ea5ee965d0, C4<1>, C4<1>;
L_0x55ea5ee96c90 .functor OR 1, L_0x55ea5ee96b30, L_0x55ea5ee96bf0, C4<0>, C4<0>;
L_0x55ea5ee96da0 .functor AND 1, L_0x55ea5ee97090, L_0x55ea5ee965d0, C4<1>, C4<1>;
L_0x55ea5ee96e50 .functor OR 1, L_0x55ea5ee96c90, L_0x55ea5ee96da0, C4<0>, C4<0>;
v0x55ea5ee77cb0_0 .net *"_s0", 0 0, L_0x55ea5ee96970;  1 drivers
v0x55ea5ee77d90_0 .net *"_s10", 0 0, L_0x55ea5ee96da0;  1 drivers
v0x55ea5ee77e70_0 .net *"_s4", 0 0, L_0x55ea5ee96b30;  1 drivers
v0x55ea5ee77f60_0 .net *"_s6", 0 0, L_0x55ea5ee96bf0;  1 drivers
v0x55ea5ee78040_0 .net *"_s8", 0 0, L_0x55ea5ee96c90;  1 drivers
v0x55ea5ee78170_0 .net "a", 0 0, L_0x55ea5ee96f60;  1 drivers
v0x55ea5ee78230_0 .net "b", 0 0, L_0x55ea5ee97090;  1 drivers
v0x55ea5ee782f0_0 .net "ca", 0 0, L_0x55ea5ee96e50;  alias, 1 drivers
v0x55ea5ee783b0_0 .net "cin", 0 0, L_0x55ea5ee965d0;  alias, 1 drivers
v0x55ea5ee784e0_0 .net "sum", 0 0, L_0x55ea5ee969e0;  1 drivers
S_0x55ea5ee78650 .scope module, "FA_3" "fullAdder" 8 15, 9 1 0, S_0x55ea5ee760b0;
 .timescale 0 0;
    .port_info 0 /INPUT 1 "a"
    .port_info 1 /INPUT 1 "b"
    .port_info 2 /INPUT 1 "cin"
    .port_info 3 /OUTPUT 1 "sum"
    .port_info 4 /OUTPUT 1 "ca"
L_0x55ea5ee97200 .functor XOR 1, L_0x55ea5ee97750, L_0x55ea5ee97910, C4<0>, C4<0>;
L_0x55ea5ee97270 .functor XOR 1, L_0x55ea5ee97200, L_0x55ea5ee96e50, C4<0>, C4<0>;
L_0x55ea5ee97370 .functor AND 1, L_0x55ea5ee97750, L_0x55ea5ee97910, C4<1>, C4<1>;
L_0x55ea5ee973e0 .functor AND 1, L_0x55ea5ee97750, L_0x55ea5ee96e50, C4<1>, C4<1>;
L_0x55ea5ee97480 .functor OR 1, L_0x55ea5ee97370, L_0x55ea5ee973e0, C4<0>, C4<0>;
L_0x55ea5ee97590 .functor AND 1, L_0x55ea5ee97910, L_0x55ea5ee96e50, C4<1>, C4<1>;
L_0x55ea5ee97640 .functor OR 1, L_0x55ea5ee97480, L_0x55ea5ee97590, C4<0>, C4<0>;
v0x55ea5ee78850_0 .net *"_s0", 0 0, L_0x55ea5ee97200;  1 drivers
v0x55ea5ee78950_0 .net *"_s10", 0 0, L_0x55ea5ee97590;  1 drivers
v0x55ea5ee78a30_0 .net *"_s4", 0 0, L_0x55ea5ee97370;  1 drivers
v0x55ea5ee78b20_0 .net *"_s6", 0 0, L_0x55ea5ee973e0;  1 drivers
v0x55ea5ee78c00_0 .net *"_s8", 0 0, L_0x55ea5ee97480;  1 drivers
v0x55ea5ee78d30_0 .net "a", 0 0, L_0x55ea5ee97750;  1 drivers
v0x55ea5ee78df0_0 .net "b", 0 0, L_0x55ea5ee97910;  1 drivers
v0x55ea5ee78eb0_0 .net "ca", 0 0, L_0x55ea5ee97640;  alias, 1 drivers
v0x55ea5ee78f70_0 .net "cin", 0 0, L_0x55ea5ee96e50;  alias, 1 drivers
v0x55ea5ee790a0_0 .net "sum", 0 0, L_0x55ea5ee97270;  1 drivers
S_0x55ea5ee7a4b0 .scope module, "TA_1" "sixteenBitAdder" 5 14, 6 3 0, S_0x55ea5ee608b0;
 .timescale 0 0;
    .port_info 0 /INPUT 16 "a"
    .port_info 1 /INPUT 16 "b"
    .port_info 2 /INPUT 1 "cin"
    .port_info 3 /OUTPUT 16 "sum"
    .port_info 4 /OUTPUT 1 "ca"
v0x55ea5ee89c40_0 .net "a", 15 0, L_0x55ea5eea17d0;  1 drivers
v0x55ea5ee89d40_0 .net "b", 15 0, L_0x55ea5eea1900;  1 drivers
v0x55ea5ee89e20_0 .net "c1", 0 0, L_0x55ea5ee9c230;  1 drivers
v0x55ea5ee89ec0_0 .net "ca", 0 0, L_0x55ea5eea0c10;  alias, 1 drivers
v0x55ea5ee89f60_0 .net "cin", 0 0, L_0x55ea5ee97640;  alias, 1 drivers
v0x55ea5ee8a000_0 .net "sum", 15 0, L_0x55ea5eea1690;  1 drivers
L_0x55ea5ee9cad0 .part L_0x55ea5eea17d0, 0, 8;
L_0x55ea5ee9cb70 .part L_0x55ea5eea1900, 0, 8;
L_0x55ea5eea14b0 .part L_0x55ea5eea17d0, 8, 8;
L_0x55ea5eea15a0 .part L_0x55ea5eea1900, 8, 8;
L_0x55ea5eea1690 .concat8 [ 8 8 0 0], L_0x55ea5ee9c990, L_0x55ea5eea1370;
S_0x55ea5ee7a720 .scope module, "SA_0" "eightBitAdder" 6 12, 7 3 0, S_0x55ea5ee7a4b0;
 .timescale 0 0;
    .port_info 0 /INPUT 8 "a"
    .port_info 1 /INPUT 8 "b"
    .port_info 2 /INPUT 1 "cin"
    .port_info 3 /OUTPUT 8 "sum"
    .port_info 4 /OUTPUT 1 "ca"
v0x55ea5ee81ba0_0 .net "a", 7 0, L_0x55ea5ee9cad0;  1 drivers
v0x55ea5ee81ca0_0 .net "b", 7 0, L_0x55ea5ee9cb70;  1 drivers
v0x55ea5ee81d80_0 .net "ca", 0 0, L_0x55ea5ee9c230;  alias, 1 drivers
v0x55ea5ee81e70_0 .net "cin", 0 0, L_0x55ea5ee97640;  alias, 1 drivers
v0x55ea5ee81f10_0 .net "sum", 7 0, L_0x55ea5ee9c990;  1 drivers
v0x55ea5ee82020_0 .net "w", 0 0, L_0x55ea5ee99ed0;  1 drivers
L_0x55ea5ee9a450 .part L_0x55ea5ee9cad0, 0, 4;
L_0x55ea5ee9a4f0 .part L_0x55ea5ee9cb70, 0, 4;
L_0x55ea5ee9c7b0 .part L_0x55ea5ee9cad0, 4, 4;
L_0x55ea5ee9c8a0 .part L_0x55ea5ee9cb70, 4, 4;
L_0x55ea5ee9c990 .concat8 [ 4 4 0 0], L_0x55ea5ee9a3b0, L_0x55ea5ee9c710;
S_0x55ea5ee7a970 .scope module, "EA_0" "fourBitAdder" 7 13, 8 3 0, S_0x55ea5ee7a720;
 .timescale 0 0;
    .port_info 0 /INPUT 4 "a"
    .port_info 1 /INPUT 4 "b"
    .port_info 2 /INPUT 1 "cin"
    .port_info 3 /OUTPUT 4 "sum"
    .port_info 4 /OUTPUT 1 "ca"
v0x55ea5ee7db90_0 .net "a", 3 0, L_0x55ea5ee9a450;  1 drivers
v0x55ea5ee7dc90_0 .net "b", 3 0, L_0x55ea5ee9a4f0;  1 drivers
v0x55ea5ee7dd70_0 .net "c1", 0 0, L_0x55ea5ee98770;  1 drivers
v0x55ea5ee7de10_0 .net "c2", 0 0, L_0x55ea5ee98ef0;  1 drivers
v0x55ea5ee7df00_0 .net "c3", 0 0, L_0x55ea5ee99710;  1 drivers
v0x55ea5ee7e040_0 .net "ca", 0 0, L_0x55ea5ee99ed0;  alias, 1 drivers
v0x55ea5ee7e0e0_0 .net "cin", 0 0, L_0x55ea5ee97640;  alias, 1 drivers
v0x55ea5ee7e180_0 .net "sum", 3 0, L_0x55ea5ee9a3b0;  1 drivers
L_0x55ea5ee98880 .part L_0x55ea5ee9a450, 0, 1;
L_0x55ea5ee989b0 .part L_0x55ea5ee9a4f0, 0, 1;
L_0x55ea5ee99000 .part L_0x55ea5ee9a450, 1, 1;
L_0x55ea5ee99130 .part L_0x55ea5ee9a4f0, 1, 1;
L_0x55ea5ee99820 .part L_0x55ea5ee9a450, 2, 1;
L_0x55ea5ee99950 .part L_0x55ea5ee9a4f0, 2, 1;
L_0x55ea5ee99fe0 .part L_0x55ea5ee9a450, 3, 1;
L_0x55ea5ee9a1a0 .part L_0x55ea5ee9a4f0, 3, 1;
L_0x55ea5ee9a3b0 .concat8 [ 1 1 1 1], L_0x55ea5ee983b0, L_0x55ea5ee98b50, L_0x55ea5ee992d0, L_0x55ea5ee99b30;
S_0x55ea5ee7abe0 .scope module, "FA_0" "fullAdder" 8 12, 9 1 0, S_0x55ea5ee7a970;
 .timescale 0 0;
    .port_info 0 /INPUT 1 "a"
    .port_info 1 /INPUT 1 "b"
    .port_info 2 /INPUT 1 "cin"
    .port_info 3 /OUTPUT 1 "sum"
    .port_info 4 /OUTPUT 1 "ca"
L_0x55ea5ee98340 .functor XOR 1, L_0x55ea5ee98880, L_0x55ea5ee989b0, C4<0>, C4<0>;
L_0x55ea5ee983b0 .functor XOR 1, L_0x55ea5ee98340, L_0x55ea5ee97640, C4<0>, C4<0>;
L_0x55ea5ee98470 .functor AND 1, L_0x55ea5ee98880, L_0x55ea5ee989b0, C4<1>, C4<1>;
L_0x55ea5ee98580 .functor AND 1, L_0x55ea5ee98880, L_0x55ea5ee97640, C4<1>, C4<1>;
L_0x55ea5ee985f0 .functor OR 1, L_0x55ea5ee98470, L_0x55ea5ee98580, C4<0>, C4<0>;
L_0x55ea5ee98700 .functor AND 1, L_0x55ea5ee989b0, L_0x55ea5ee97640, C4<1>, C4<1>;
L_0x55ea5ee98770 .functor OR 1, L_0x55ea5ee985f0, L_0x55ea5ee98700, C4<0>, C4<0>;
v0x55ea5ee7ae50_0 .net *"_s0", 0 0, L_0x55ea5ee98340;  1 drivers
v0x55ea5ee7af50_0 .net *"_s10", 0 0, L_0x55ea5ee98700;  1 drivers
v0x55ea5ee7b030_0 .net *"_s4", 0 0, L_0x55ea5ee98470;  1 drivers
v0x55ea5ee7b120_0 .net *"_s6", 0 0, L_0x55ea5ee98580;  1 drivers
v0x55ea5ee7b200_0 .net *"_s8", 0 0, L_0x55ea5ee985f0;  1 drivers
v0x55ea5ee7b330_0 .net "a", 0 0, L_0x55ea5ee98880;  1 drivers
v0x55ea5ee7b3f0_0 .net "b", 0 0, L_0x55ea5ee989b0;  1 drivers
v0x55ea5ee7b4b0_0 .net "ca", 0 0, L_0x55ea5ee98770;  alias, 1 drivers
v0x55ea5ee7b570_0 .net "cin", 0 0, L_0x55ea5ee97640;  alias, 1 drivers
v0x55ea5ee7b730_0 .net "sum", 0 0, L_0x55ea5ee983b0;  1 drivers
S_0x55ea5ee7b890 .scope module, "FA_1" "fullAdder" 8 13, 9 1 0, S_0x55ea5ee7a970;
 .timescale 0 0;
    .port_info 0 /INPUT 1 "a"
    .port_info 1 /INPUT 1 "b"
    .port_info 2 /INPUT 1 "cin"
    .port_info 3 /OUTPUT 1 "sum"
    .port_info 4 /OUTPUT 1 "ca"
L_0x55ea5ee98ae0 .functor XOR 1, L_0x55ea5ee99000, L_0x55ea5ee99130, C4<0>, C4<0>;
L_0x55ea5ee98b50 .functor XOR 1, L_0x55ea5ee98ae0, L_0x55ea5ee98770, C4<0>, C4<0>;
L_0x55ea5ee98c50 .functor AND 1, L_0x55ea5ee99000, L_0x55ea5ee99130, C4<1>, C4<1>;
L_0x55ea5ee98cc0 .functor AND 1, L_0x55ea5ee99000, L_0x55ea5ee98770, C4<1>, C4<1>;
L_0x55ea5ee98d30 .functor OR 1, L_0x55ea5ee98c50, L_0x55ea5ee98cc0, C4<0>, C4<0>;
L_0x55ea5ee98e40 .functor AND 1, L_0x55ea5ee99130, L_0x55ea5ee98770, C4<1>, C4<1>;
L_0x55ea5ee98ef0 .functor OR 1, L_0x55ea5ee98d30, L_0x55ea5ee98e40, C4<0>, C4<0>;
v0x55ea5ee7bab0_0 .net *"_s0", 0 0, L_0x55ea5ee98ae0;  1 drivers
v0x55ea5ee7bb90_0 .net *"_s10", 0 0, L_0x55ea5ee98e40;  1 drivers
v0x55ea5ee7bc70_0 .net *"_s4", 0 0, L_0x55ea5ee98c50;  1 drivers
v0x55ea5ee7bd60_0 .net *"_s6", 0 0, L_0x55ea5ee98cc0;  1 drivers
v0x55ea5ee7be40_0 .net *"_s8", 0 0, L_0x55ea5ee98d30;  1 drivers
v0x55ea5ee7bf20_0 .net "a", 0 0, L_0x55ea5ee99000;  1 drivers
v0x55ea5ee7bfe0_0 .net "b", 0 0, L_0x55ea5ee99130;  1 drivers
v0x55ea5ee7c0a0_0 .net "ca", 0 0, L_0x55ea5ee98ef0;  alias, 1 drivers
v0x55ea5ee7c160_0 .net "cin", 0 0, L_0x55ea5ee98770;  alias, 1 drivers
v0x55ea5ee7c290_0 .net "sum", 0 0, L_0x55ea5ee98b50;  1 drivers
S_0x55ea5ee7c400 .scope module, "FA_2" "fullAdder" 8 14, 9 1 0, S_0x55ea5ee7a970;
 .timescale 0 0;
    .port_info 0 /INPUT 1 "a"
    .port_info 1 /INPUT 1 "b"
    .port_info 2 /INPUT 1 "cin"
    .port_info 3 /OUTPUT 1 "sum"
    .port_info 4 /OUTPUT 1 "ca"
L_0x55ea5ee99260 .functor XOR 1, L_0x55ea5ee99820, L_0x55ea5ee99950, C4<0>, C4<0>;
L_0x55ea5ee992d0 .functor XOR 1, L_0x55ea5ee99260, L_0x55ea5ee98ef0, C4<0>, C4<0>;
L_0x55ea5ee99420 .functor AND 1, L_0x55ea5ee99820, L_0x55ea5ee99950, C4<1>, C4<1>;
L_0x55ea5ee994e0 .functor AND 1, L_0x55ea5ee99820, L_0x55ea5ee98ef0, C4<1>, C4<1>;
L_0x55ea5ee99550 .functor OR 1, L_0x55ea5ee99420, L_0x55ea5ee994e0, C4<0>, C4<0>;
L_0x55ea5ee99660 .functor AND 1, L_0x55ea5ee99950, L_0x55ea5ee98ef0, C4<1>, C4<1>;
L_0x55ea5ee99710 .functor OR 1, L_0x55ea5ee99550, L_0x55ea5ee99660, C4<0>, C4<0>;
v0x55ea5ee7c630_0 .net *"_s0", 0 0, L_0x55ea5ee99260;  1 drivers
v0x55ea5ee7c710_0 .net *"_s10", 0 0, L_0x55ea5ee99660;  1 drivers
v0x55ea5ee7c7f0_0 .net *"_s4", 0 0, L_0x55ea5ee99420;  1 drivers
v0x55ea5ee7c8e0_0 .net *"_s6", 0 0, L_0x55ea5ee994e0;  1 drivers
v0x55ea5ee7c9c0_0 .net *"_s8", 0 0, L_0x55ea5ee99550;  1 drivers
v0x55ea5ee7caf0_0 .net "a", 0 0, L_0x55ea5ee99820;  1 drivers
v0x55ea5ee7cbb0_0 .net "b", 0 0, L_0x55ea5ee99950;  1 drivers
v0x55ea5ee7cc70_0 .net "ca", 0 0, L_0x55ea5ee99710;  alias, 1 drivers
v0x55ea5ee7cd30_0 .net "cin", 0 0, L_0x55ea5ee98ef0;  alias, 1 drivers
v0x55ea5ee7ce60_0 .net "sum", 0 0, L_0x55ea5ee992d0;  1 drivers
S_0x55ea5ee7cfd0 .scope module, "FA_3" "fullAdder" 8 15, 9 1 0, S_0x55ea5ee7a970;
 .timescale 0 0;
    .port_info 0 /INPUT 1 "a"
    .port_info 1 /INPUT 1 "b"
    .port_info 2 /INPUT 1 "cin"
    .port_info 3 /OUTPUT 1 "sum"
    .port_info 4 /OUTPUT 1 "ca"
L_0x55ea5ee99ac0 .functor XOR 1, L_0x55ea5ee99fe0, L_0x55ea5ee9a1a0, C4<0>, C4<0>;
L_0x55ea5ee99b30 .functor XOR 1, L_0x55ea5ee99ac0, L_0x55ea5ee99710, C4<0>, C4<0>;
L_0x55ea5ee99c30 .functor AND 1, L_0x55ea5ee99fe0, L_0x55ea5ee9a1a0, C4<1>, C4<1>;
L_0x55ea5ee99ca0 .functor AND 1, L_0x55ea5ee99fe0, L_0x55ea5ee99710, C4<1>, C4<1>;
L_0x55ea5ee99d10 .functor OR 1, L_0x55ea5ee99c30, L_0x55ea5ee99ca0, C4<0>, C4<0>;
L_0x55ea5ee99e20 .functor AND 1, L_0x55ea5ee9a1a0, L_0x55ea5ee99710, C4<1>, C4<1>;
L_0x55ea5ee99ed0 .functor OR 1, L_0x55ea5ee99d10, L_0x55ea5ee99e20, C4<0>, C4<0>;
v0x55ea5ee7d1d0_0 .net *"_s0", 0 0, L_0x55ea5ee99ac0;  1 drivers
v0x55ea5ee7d2d0_0 .net *"_s10", 0 0, L_0x55ea5ee99e20;  1 drivers
v0x55ea5ee7d3b0_0 .net *"_s4", 0 0, L_0x55ea5ee99c30;  1 drivers
v0x55ea5ee7d4a0_0 .net *"_s6", 0 0, L_0x55ea5ee99ca0;  1 drivers
v0x55ea5ee7d580_0 .net *"_s8", 0 0, L_0x55ea5ee99d10;  1 drivers
v0x55ea5ee7d6b0_0 .net "a", 0 0, L_0x55ea5ee99fe0;  1 drivers
v0x55ea5ee7d770_0 .net "b", 0 0, L_0x55ea5ee9a1a0;  1 drivers
v0x55ea5ee7d830_0 .net "ca", 0 0, L_0x55ea5ee99ed0;  alias, 1 drivers
v0x55ea5ee7d8f0_0 .net "cin", 0 0, L_0x55ea5ee99710;  alias, 1 drivers
v0x55ea5ee7da20_0 .net "sum", 0 0, L_0x55ea5ee99b30;  1 drivers
S_0x55ea5ee7e2c0 .scope module, "EA_1" "fourBitAdder" 7 14, 8 3 0, S_0x55ea5ee7a720;
 .timescale 0 0;
    .port_info 0 /INPUT 4 "a"
    .port_info 1 /INPUT 4 "b"
    .port_info 2 /INPUT 1 "cin"
    .port_info 3 /OUTPUT 4 "sum"
    .port_info 4 /OUTPUT 1 "ca"
v0x55ea5ee81470_0 .net "a", 3 0, L_0x55ea5ee9c7b0;  1 drivers
v0x55ea5ee81570_0 .net "b", 3 0, L_0x55ea5ee9c8a0;  1 drivers
v0x55ea5ee81650_0 .net "c1", 0 0, L_0x55ea5ee9aad0;  1 drivers
v0x55ea5ee816f0_0 .net "c2", 0 0, L_0x55ea5ee9b1f0;  1 drivers
v0x55ea5ee817e0_0 .net "c3", 0 0, L_0x55ea5ee9ba70;  1 drivers
v0x55ea5ee81920_0 .net "ca", 0 0, L_0x55ea5ee9c230;  alias, 1 drivers
v0x55ea5ee819c0_0 .net "cin", 0 0, L_0x55ea5ee99ed0;  alias, 1 drivers
v0x55ea5ee81a60_0 .net "sum", 3 0, L_0x55ea5ee9c710;  1 drivers
L_0x55ea5ee9abe0 .part L_0x55ea5ee9c7b0, 0, 1;
L_0x55ea5ee9ac80 .part L_0x55ea5ee9c8a0, 0, 1;
L_0x55ea5ee9b300 .part L_0x55ea5ee9c7b0, 1, 1;
L_0x55ea5ee9b430 .part L_0x55ea5ee9c8a0, 1, 1;
L_0x55ea5ee9bb80 .part L_0x55ea5ee9c7b0, 2, 1;
L_0x55ea5ee9bcb0 .part L_0x55ea5ee9c8a0, 2, 1;
L_0x55ea5ee9c340 .part L_0x55ea5ee9c7b0, 3, 1;
L_0x55ea5ee9c500 .part L_0x55ea5ee9c8a0, 3, 1;
L_0x55ea5ee9c710 .concat8 [ 1 1 1 1], L_0x55ea5ee9a600, L_0x55ea5ee9ae20, L_0x55ea5ee9b600, L_0x55ea5ee9be90;
S_0x55ea5ee7e530 .scope module, "FA_0" "fullAdder" 8 12, 9 1 0, S_0x55ea5ee7e2c0;
 .timescale 0 0;
    .port_info 0 /INPUT 1 "a"
    .port_info 1 /INPUT 1 "b"
    .port_info 2 /INPUT 1 "cin"
    .port_info 3 /OUTPUT 1 "sum"
    .port_info 4 /OUTPUT 1 "ca"
L_0x55ea5ee9a590 .functor XOR 1, L_0x55ea5ee9abe0, L_0x55ea5ee9ac80, C4<0>, C4<0>;
L_0x55ea5ee9a600 .functor XOR 1, L_0x55ea5ee9a590, L_0x55ea5ee99ed0, C4<0>, C4<0>;
L_0x55ea5ee9a6c0 .functor AND 1, L_0x55ea5ee9abe0, L_0x55ea5ee9ac80, C4<1>, C4<1>;
L_0x55ea5ee9a7d0 .functor AND 1, L_0x55ea5ee9abe0, L_0x55ea5ee99ed0, C4<1>, C4<1>;
L_0x55ea5ee9a840 .functor OR 1, L_0x55ea5ee9a6c0, L_0x55ea5ee9a7d0, C4<0>, C4<0>;
L_0x55ea5ee9a950 .functor AND 1, L_0x55ea5ee9ac80, L_0x55ea5ee99ed0, C4<1>, C4<1>;
L_0x55ea5ee9aad0 .functor OR 1, L_0x55ea5ee9a840, L_0x55ea5ee9a950, C4<0>, C4<0>;
v0x55ea5ee7e780_0 .net *"_s0", 0 0, L_0x55ea5ee9a590;  1 drivers
v0x55ea5ee7e880_0 .net *"_s10", 0 0, L_0x55ea5ee9a950;  1 drivers
v0x55ea5ee7e960_0 .net *"_s4", 0 0, L_0x55ea5ee9a6c0;  1 drivers
v0x55ea5ee7ea20_0 .net *"_s6", 0 0, L_0x55ea5ee9a7d0;  1 drivers
v0x55ea5ee7eb00_0 .net *"_s8", 0 0, L_0x55ea5ee9a840;  1 drivers
v0x55ea5ee7ec30_0 .net "a", 0 0, L_0x55ea5ee9abe0;  1 drivers
v0x55ea5ee7ecf0_0 .net "b", 0 0, L_0x55ea5ee9ac80;  1 drivers
v0x55ea5ee7edb0_0 .net "ca", 0 0, L_0x55ea5ee9aad0;  alias, 1 drivers
v0x55ea5ee7ee70_0 .net "cin", 0 0, L_0x55ea5ee99ed0;  alias, 1 drivers
v0x55ea5ee7efa0_0 .net "sum", 0 0, L_0x55ea5ee9a600;  1 drivers
S_0x55ea5ee7f100 .scope module, "FA_1" "fullAdder" 8 13, 9 1 0, S_0x55ea5ee7e2c0;
 .timescale 0 0;
    .port_info 0 /INPUT 1 "a"
    .port_info 1 /INPUT 1 "b"
    .port_info 2 /INPUT 1 "cin"
    .port_info 3 /OUTPUT 1 "sum"
    .port_info 4 /OUTPUT 1 "ca"
L_0x55ea5ee9adb0 .functor XOR 1, L_0x55ea5ee9b300, L_0x55ea5ee9b430, C4<0>, C4<0>;
L_0x55ea5ee9ae20 .functor XOR 1, L_0x55ea5ee9adb0, L_0x55ea5ee9aad0, C4<0>, C4<0>;
L_0x55ea5ee9af20 .functor AND 1, L_0x55ea5ee9b300, L_0x55ea5ee9b430, C4<1>, C4<1>;
L_0x55ea5ee9af90 .functor AND 1, L_0x55ea5ee9b300, L_0x55ea5ee9aad0, C4<1>, C4<1>;
L_0x55ea5ee9b030 .functor OR 1, L_0x55ea5ee9af20, L_0x55ea5ee9af90, C4<0>, C4<0>;
L_0x55ea5ee9b140 .functor AND 1, L_0x55ea5ee9b430, L_0x55ea5ee9aad0, C4<1>, C4<1>;
L_0x55ea5ee9b1f0 .functor OR 1, L_0x55ea5ee9b030, L_0x55ea5ee9b140, C4<0>, C4<0>;
v0x55ea5ee7f370_0 .net *"_s0", 0 0, L_0x55ea5ee9adb0;  1 drivers
v0x55ea5ee7f450_0 .net *"_s10", 0 0, L_0x55ea5ee9b140;  1 drivers
v0x55ea5ee7f530_0 .net *"_s4", 0 0, L_0x55ea5ee9af20;  1 drivers
v0x55ea5ee7f5f0_0 .net *"_s6", 0 0, L_0x55ea5ee9af90;  1 drivers
v0x55ea5ee7f6d0_0 .net *"_s8", 0 0, L_0x55ea5ee9b030;  1 drivers
v0x55ea5ee7f800_0 .net "a", 0 0, L_0x55ea5ee9b300;  1 drivers
v0x55ea5ee7f8c0_0 .net "b", 0 0, L_0x55ea5ee9b430;  1 drivers
v0x55ea5ee7f980_0 .net "ca", 0 0, L_0x55ea5ee9b1f0;  alias, 1 drivers
v0x55ea5ee7fa40_0 .net "cin", 0 0, L_0x55ea5ee9aad0;  alias, 1 drivers
v0x55ea5ee7fb70_0 .net "sum", 0 0, L_0x55ea5ee9ae20;  1 drivers
S_0x55ea5ee7fce0 .scope module, "FA_2" "fullAdder" 8 14, 9 1 0, S_0x55ea5ee7e2c0;
 .timescale 0 0;
    .port_info 0 /INPUT 1 "a"
    .port_info 1 /INPUT 1 "b"
    .port_info 2 /INPUT 1 "cin"
    .port_info 3 /OUTPUT 1 "sum"
    .port_info 4 /OUTPUT 1 "ca"
L_0x55ea5ee9b590 .functor XOR 1, L_0x55ea5ee9bb80, L_0x55ea5ee9bcb0, C4<0>, C4<0>;
L_0x55ea5ee9b600 .functor XOR 1, L_0x55ea5ee9b590, L_0x55ea5ee9b1f0, C4<0>, C4<0>;
L_0x55ea5ee9b750 .functor AND 1, L_0x55ea5ee9bb80, L_0x55ea5ee9bcb0, C4<1>, C4<1>;
L_0x55ea5ee9b810 .functor AND 1, L_0x55ea5ee9bb80, L_0x55ea5ee9b1f0, C4<1>, C4<1>;
L_0x55ea5ee9b8b0 .functor OR 1, L_0x55ea5ee9b750, L_0x55ea5ee9b810, C4<0>, C4<0>;
L_0x55ea5ee9b9c0 .functor AND 1, L_0x55ea5ee9bcb0, L_0x55ea5ee9b1f0, C4<1>, C4<1>;
L_0x55ea5ee9ba70 .functor OR 1, L_0x55ea5ee9b8b0, L_0x55ea5ee9b9c0, C4<0>, C4<0>;
v0x55ea5ee7ff10_0 .net *"_s0", 0 0, L_0x55ea5ee9b590;  1 drivers
v0x55ea5ee7fff0_0 .net *"_s10", 0 0, L_0x55ea5ee9b9c0;  1 drivers
v0x55ea5ee800d0_0 .net *"_s4", 0 0, L_0x55ea5ee9b750;  1 drivers
v0x55ea5ee801c0_0 .net *"_s6", 0 0, L_0x55ea5ee9b810;  1 drivers
v0x55ea5ee802a0_0 .net *"_s8", 0 0, L_0x55ea5ee9b8b0;  1 drivers
v0x55ea5ee803d0_0 .net "a", 0 0, L_0x55ea5ee9bb80;  1 drivers
v0x55ea5ee80490_0 .net "b", 0 0, L_0x55ea5ee9bcb0;  1 drivers
v0x55ea5ee80550_0 .net "ca", 0 0, L_0x55ea5ee9ba70;  alias, 1 drivers
v0x55ea5ee80610_0 .net "cin", 0 0, L_0x55ea5ee9b1f0;  alias, 1 drivers
v0x55ea5ee80740_0 .net "sum", 0 0, L_0x55ea5ee9b600;  1 drivers
S_0x55ea5ee808b0 .scope module, "FA_3" "fullAdder" 8 15, 9 1 0, S_0x55ea5ee7e2c0;
 .timescale 0 0;
    .port_info 0 /INPUT 1 "a"
    .port_info 1 /INPUT 1 "b"
    .port_info 2 /INPUT 1 "cin"
    .port_info 3 /OUTPUT 1 "sum"
    .port_info 4 /OUTPUT 1 "ca"
L_0x55ea5ee9be20 .functor XOR 1, L_0x55ea5ee9c340, L_0x55ea5ee9c500, C4<0>, C4<0>;
L_0x55ea5ee9be90 .functor XOR 1, L_0x55ea5ee9be20, L_0x55ea5ee9ba70, C4<0>, C4<0>;
L_0x55ea5ee9bf90 .functor AND 1, L_0x55ea5ee9c340, L_0x55ea5ee9c500, C4<1>, C4<1>;
L_0x55ea5ee9c000 .functor AND 1, L_0x55ea5ee9c340, L_0x55ea5ee9ba70, C4<1>, C4<1>;
L_0x55ea5ee9c070 .functor OR 1, L_0x55ea5ee9bf90, L_0x55ea5ee9c000, C4<0>, C4<0>;
L_0x55ea5ee9c180 .functor AND 1, L_0x55ea5ee9c500, L_0x55ea5ee9ba70, C4<1>, C4<1>;
L_0x55ea5ee9c230 .functor OR 1, L_0x55ea5ee9c070, L_0x55ea5ee9c180, C4<0>, C4<0>;
v0x55ea5ee80ab0_0 .net *"_s0", 0 0, L_0x55ea5ee9be20;  1 drivers
v0x55ea5ee80bb0_0 .net *"_s10", 0 0, L_0x55ea5ee9c180;  1 drivers
v0x55ea5ee80c90_0 .net *"_s4", 0 0, L_0x55ea5ee9bf90;  1 drivers
v0x55ea5ee80d80_0 .net *"_s6", 0 0, L_0x55ea5ee9c000;  1 drivers
v0x55ea5ee80e60_0 .net *"_s8", 0 0, L_0x55ea5ee9c070;  1 drivers
v0x55ea5ee80f90_0 .net "a", 0 0, L_0x55ea5ee9c340;  1 drivers
v0x55ea5ee81050_0 .net "b", 0 0, L_0x55ea5ee9c500;  1 drivers
v0x55ea5ee81110_0 .net "ca", 0 0, L_0x55ea5ee9c230;  alias, 1 drivers
v0x55ea5ee811d0_0 .net "cin", 0 0, L_0x55ea5ee9ba70;  alias, 1 drivers
v0x55ea5ee81300_0 .net "sum", 0 0, L_0x55ea5ee9be90;  1 drivers
S_0x55ea5ee821f0 .scope module, "SA_1" "eightBitAdder" 6 13, 7 3 0, S_0x55ea5ee7a4b0;
 .timescale 0 0;
    .port_info 0 /INPUT 8 "a"
    .port_info 1 /INPUT 8 "b"
    .port_info 2 /INPUT 1 "cin"
    .port_info 3 /OUTPUT 8 "sum"
    .port_info 4 /OUTPUT 1 "ca"
v0x55ea5ee895f0_0 .net "a", 7 0, L_0x55ea5eea14b0;  1 drivers
v0x55ea5ee896f0_0 .net "b", 7 0, L_0x55ea5eea15a0;  1 drivers
v0x55ea5ee897d0_0 .net "ca", 0 0, L_0x55ea5eea0c10;  alias, 1 drivers
v0x55ea5ee898c0_0 .net "cin", 0 0, L_0x55ea5ee9c230;  alias, 1 drivers
v0x55ea5ee89960_0 .net "sum", 7 0, L_0x55ea5eea1370;  1 drivers
v0x55ea5ee89a70_0 .net "w", 0 0, L_0x55ea5ee9e880;  1 drivers
L_0x55ea5ee9ee00 .part L_0x55ea5eea14b0, 0, 4;
L_0x55ea5ee9eea0 .part L_0x55ea5eea15a0, 0, 4;
L_0x55ea5eea1190 .part L_0x55ea5eea14b0, 4, 4;
L_0x55ea5eea1280 .part L_0x55ea5eea15a0, 4, 4;
L_0x55ea5eea1370 .concat8 [ 4 4 0 0], L_0x55ea5ee9ed60, L_0x55ea5eea10f0;
S_0x55ea5ee82410 .scope module, "EA_0" "fourBitAdder" 7 13, 8 3 0, S_0x55ea5ee821f0;
 .timescale 0 0;
    .port_info 0 /INPUT 4 "a"
    .port_info 1 /INPUT 4 "b"
    .port_info 2 /INPUT 1 "cin"
    .port_info 3 /OUTPUT 4 "sum"
    .port_info 4 /OUTPUT 1 "ca"
v0x55ea5ee855a0_0 .net "a", 3 0, L_0x55ea5ee9ee00;  1 drivers
v0x55ea5ee856a0_0 .net "b", 3 0, L_0x55ea5ee9eea0;  1 drivers
v0x55ea5ee85780_0 .net "c1", 0 0, L_0x55ea5ee9d150;  1 drivers
v0x55ea5ee85820_0 .net "c2", 0 0, L_0x55ea5ee9d840;  1 drivers
v0x55ea5ee85910_0 .net "c3", 0 0, L_0x55ea5ee9e0c0;  1 drivers
v0x55ea5ee85a50_0 .net "ca", 0 0, L_0x55ea5ee9e880;  alias, 1 drivers
v0x55ea5ee85af0_0 .net "cin", 0 0, L_0x55ea5ee9c230;  alias, 1 drivers
v0x55ea5ee85c20_0 .net "sum", 3 0, L_0x55ea5ee9ed60;  1 drivers
L_0x55ea5ee9d260 .part L_0x55ea5ee9ee00, 0, 1;
L_0x55ea5ee9d300 .part L_0x55ea5ee9eea0, 0, 1;
L_0x55ea5ee9d950 .part L_0x55ea5ee9ee00, 1, 1;
L_0x55ea5ee9da80 .part L_0x55ea5ee9eea0, 1, 1;
L_0x55ea5ee9e1d0 .part L_0x55ea5ee9ee00, 2, 1;
L_0x55ea5ee9e300 .part L_0x55ea5ee9eea0, 2, 1;
L_0x55ea5ee9e990 .part L_0x55ea5ee9ee00, 3, 1;
L_0x55ea5ee9eb50 .part L_0x55ea5ee9eea0, 3, 1;
L_0x55ea5ee9ed60 .concat8 [ 1 1 1 1], L_0x55ea5ee9cc80, L_0x55ea5ee9d4a0, L_0x55ea5ee9dc50, L_0x55ea5ee9e4e0;
S_0x55ea5ee82660 .scope module, "FA_0" "fullAdder" 8 12, 9 1 0, S_0x55ea5ee82410;
 .timescale 0 0;
    .port_info 0 /INPUT 1 "a"
    .port_info 1 /INPUT 1 "b"
    .port_info 2 /INPUT 1 "cin"
    .port_info 3 /OUTPUT 1 "sum"
    .port_info 4 /OUTPUT 1 "ca"
L_0x55ea5ee9cc10 .functor XOR 1, L_0x55ea5ee9d260, L_0x55ea5ee9d300, C4<0>, C4<0>;
L_0x55ea5ee9cc80 .functor XOR 1, L_0x55ea5ee9cc10, L_0x55ea5ee9c230, C4<0>, C4<0>;
L_0x55ea5ee9ce50 .functor AND 1, L_0x55ea5ee9d260, L_0x55ea5ee9d300, C4<1>, C4<1>;
L_0x55ea5ee9cf60 .functor AND 1, L_0x55ea5ee9d260, L_0x55ea5ee9c230, C4<1>, C4<1>;
L_0x55ea5ee9cfd0 .functor OR 1, L_0x55ea5ee9ce50, L_0x55ea5ee9cf60, C4<0>, C4<0>;
L_0x55ea5ee9d0e0 .functor AND 1, L_0x55ea5ee9d300, L_0x55ea5ee9c230, C4<1>, C4<1>;
L_0x55ea5ee9d150 .functor OR 1, L_0x55ea5ee9cfd0, L_0x55ea5ee9d0e0, C4<0>, C4<0>;
v0x55ea5ee828d0_0 .net *"_s0", 0 0, L_0x55ea5ee9cc10;  1 drivers
v0x55ea5ee829d0_0 .net *"_s10", 0 0, L_0x55ea5ee9d0e0;  1 drivers
v0x55ea5ee82ab0_0 .net *"_s4", 0 0, L_0x55ea5ee9ce50;  1 drivers
v0x55ea5ee82b70_0 .net *"_s6", 0 0, L_0x55ea5ee9cf60;  1 drivers
v0x55ea5ee82c50_0 .net *"_s8", 0 0, L_0x55ea5ee9cfd0;  1 drivers
v0x55ea5ee82d80_0 .net "a", 0 0, L_0x55ea5ee9d260;  1 drivers
v0x55ea5ee82e40_0 .net "b", 0 0, L_0x55ea5ee9d300;  1 drivers
v0x55ea5ee82f00_0 .net "ca", 0 0, L_0x55ea5ee9d150;  alias, 1 drivers
v0x55ea5ee82fc0_0 .net "cin", 0 0, L_0x55ea5ee9c230;  alias, 1 drivers
v0x55ea5ee830f0_0 .net "sum", 0 0, L_0x55ea5ee9cc80;  1 drivers
S_0x55ea5ee83250 .scope module, "FA_1" "fullAdder" 8 13, 9 1 0, S_0x55ea5ee82410;
 .timescale 0 0;
    .port_info 0 /INPUT 1 "a"
    .port_info 1 /INPUT 1 "b"
    .port_info 2 /INPUT 1 "cin"
    .port_info 3 /OUTPUT 1 "sum"
    .port_info 4 /OUTPUT 1 "ca"
L_0x55ea5ee9d430 .functor XOR 1, L_0x55ea5ee9d950, L_0x55ea5ee9da80, C4<0>, C4<0>;
L_0x55ea5ee9d4a0 .functor XOR 1, L_0x55ea5ee9d430, L_0x55ea5ee9d150, C4<0>, C4<0>;
L_0x55ea5ee9d5a0 .functor AND 1, L_0x55ea5ee9d950, L_0x55ea5ee9da80, C4<1>, C4<1>;
L_0x55ea5ee9d610 .functor AND 1, L_0x55ea5ee9d950, L_0x55ea5ee9d150, C4<1>, C4<1>;
L_0x55ea5ee9d680 .functor OR 1, L_0x55ea5ee9d5a0, L_0x55ea5ee9d610, C4<0>, C4<0>;
L_0x55ea5ee9d790 .functor AND 1, L_0x55ea5ee9da80, L_0x55ea5ee9d150, C4<1>, C4<1>;
L_0x55ea5ee9d840 .functor OR 1, L_0x55ea5ee9d680, L_0x55ea5ee9d790, C4<0>, C4<0>;
v0x55ea5ee83470_0 .net *"_s0", 0 0, L_0x55ea5ee9d430;  1 drivers
v0x55ea5ee83550_0 .net *"_s10", 0 0, L_0x55ea5ee9d790;  1 drivers
v0x55ea5ee83630_0 .net *"_s4", 0 0, L_0x55ea5ee9d5a0;  1 drivers
v0x55ea5ee83720_0 .net *"_s6", 0 0, L_0x55ea5ee9d610;  1 drivers
v0x55ea5ee83800_0 .net *"_s8", 0 0, L_0x55ea5ee9d680;  1 drivers
v0x55ea5ee83930_0 .net "a", 0 0, L_0x55ea5ee9d950;  1 drivers
v0x55ea5ee839f0_0 .net "b", 0 0, L_0x55ea5ee9da80;  1 drivers
v0x55ea5ee83ab0_0 .net "ca", 0 0, L_0x55ea5ee9d840;  alias, 1 drivers
v0x55ea5ee83b70_0 .net "cin", 0 0, L_0x55ea5ee9d150;  alias, 1 drivers
v0x55ea5ee83ca0_0 .net "sum", 0 0, L_0x55ea5ee9d4a0;  1 drivers
S_0x55ea5ee83e10 .scope module, "FA_2" "fullAdder" 8 14, 9 1 0, S_0x55ea5ee82410;
 .timescale 0 0;
    .port_info 0 /INPUT 1 "a"
    .port_info 1 /INPUT 1 "b"
    .port_info 2 /INPUT 1 "cin"
    .port_info 3 /OUTPUT 1 "sum"
    .port_info 4 /OUTPUT 1 "ca"
L_0x55ea5ee9dbe0 .functor XOR 1, L_0x55ea5ee9e1d0, L_0x55ea5ee9e300, C4<0>, C4<0>;
L_0x55ea5ee9dc50 .functor XOR 1, L_0x55ea5ee9dbe0, L_0x55ea5ee9d840, C4<0>, C4<0>;
L_0x55ea5ee9dda0 .functor AND 1, L_0x55ea5ee9e1d0, L_0x55ea5ee9e300, C4<1>, C4<1>;
L_0x55ea5ee9de60 .functor AND 1, L_0x55ea5ee9e1d0, L_0x55ea5ee9d840, C4<1>, C4<1>;
L_0x55ea5ee9df00 .functor OR 1, L_0x55ea5ee9dda0, L_0x55ea5ee9de60, C4<0>, C4<0>;
L_0x55ea5ee9e010 .functor AND 1, L_0x55ea5ee9e300, L_0x55ea5ee9d840, C4<1>, C4<1>;
L_0x55ea5ee9e0c0 .functor OR 1, L_0x55ea5ee9df00, L_0x55ea5ee9e010, C4<0>, C4<0>;
v0x55ea5ee84040_0 .net *"_s0", 0 0, L_0x55ea5ee9dbe0;  1 drivers
v0x55ea5ee84120_0 .net *"_s10", 0 0, L_0x55ea5ee9e010;  1 drivers
v0x55ea5ee84200_0 .net *"_s4", 0 0, L_0x55ea5ee9dda0;  1 drivers
v0x55ea5ee842f0_0 .net *"_s6", 0 0, L_0x55ea5ee9de60;  1 drivers
v0x55ea5ee843d0_0 .net *"_s8", 0 0, L_0x55ea5ee9df00;  1 drivers
v0x55ea5ee84500_0 .net "a", 0 0, L_0x55ea5ee9e1d0;  1 drivers
v0x55ea5ee845c0_0 .net "b", 0 0, L_0x55ea5ee9e300;  1 drivers
v0x55ea5ee84680_0 .net "ca", 0 0, L_0x55ea5ee9e0c0;  alias, 1 drivers
v0x55ea5ee84740_0 .net "cin", 0 0, L_0x55ea5ee9d840;  alias, 1 drivers
v0x55ea5ee84870_0 .net "sum", 0 0, L_0x55ea5ee9dc50;  1 drivers
S_0x55ea5ee849e0 .scope module, "FA_3" "fullAdder" 8 15, 9 1 0, S_0x55ea5ee82410;
 .timescale 0 0;
    .port_info 0 /INPUT 1 "a"
    .port_info 1 /INPUT 1 "b"
    .port_info 2 /INPUT 1 "cin"
    .port_info 3 /OUTPUT 1 "sum"
    .port_info 4 /OUTPUT 1 "ca"
L_0x55ea5ee9e470 .functor XOR 1, L_0x55ea5ee9e990, L_0x55ea5ee9eb50, C4<0>, C4<0>;
L_0x55ea5ee9e4e0 .functor XOR 1, L_0x55ea5ee9e470, L_0x55ea5ee9e0c0, C4<0>, C4<0>;
L_0x55ea5ee9e5e0 .functor AND 1, L_0x55ea5ee9e990, L_0x55ea5ee9eb50, C4<1>, C4<1>;
L_0x55ea5ee9e650 .functor AND 1, L_0x55ea5ee9e990, L_0x55ea5ee9e0c0, C4<1>, C4<1>;
L_0x55ea5ee9e6c0 .functor OR 1, L_0x55ea5ee9e5e0, L_0x55ea5ee9e650, C4<0>, C4<0>;
L_0x55ea5ee9e7d0 .functor AND 1, L_0x55ea5ee9eb50, L_0x55ea5ee9e0c0, C4<1>, C4<1>;
L_0x55ea5ee9e880 .functor OR 1, L_0x55ea5ee9e6c0, L_0x55ea5ee9e7d0, C4<0>, C4<0>;
v0x55ea5ee84be0_0 .net *"_s0", 0 0, L_0x55ea5ee9e470;  1 drivers
v0x55ea5ee84ce0_0 .net *"_s10", 0 0, L_0x55ea5ee9e7d0;  1 drivers
v0x55ea5ee84dc0_0 .net *"_s4", 0 0, L_0x55ea5ee9e5e0;  1 drivers
v0x55ea5ee84eb0_0 .net *"_s6", 0 0, L_0x55ea5ee9e650;  1 drivers
v0x55ea5ee84f90_0 .net *"_s8", 0 0, L_0x55ea5ee9e6c0;  1 drivers
v0x55ea5ee850c0_0 .net "a", 0 0, L_0x55ea5ee9e990;  1 drivers
v0x55ea5ee85180_0 .net "b", 0 0, L_0x55ea5ee9eb50;  1 drivers
v0x55ea5ee85240_0 .net "ca", 0 0, L_0x55ea5ee9e880;  alias, 1 drivers
v0x55ea5ee85300_0 .net "cin", 0 0, L_0x55ea5ee9e0c0;  alias, 1 drivers
v0x55ea5ee85430_0 .net "sum", 0 0, L_0x55ea5ee9e4e0;  1 drivers
S_0x55ea5ee85d60 .scope module, "EA_1" "fourBitAdder" 7 14, 8 3 0, S_0x55ea5ee821f0;
 .timescale 0 0;
    .port_info 0 /INPUT 4 "a"
    .port_info 1 /INPUT 4 "b"
    .port_info 2 /INPUT 1 "cin"
    .port_info 3 /OUTPUT 4 "sum"
    .port_info 4 /OUTPUT 1 "ca"
v0x55ea5ee88ec0_0 .net "a", 3 0, L_0x55ea5eea1190;  1 drivers
v0x55ea5ee88fc0_0 .net "b", 3 0, L_0x55ea5eea1280;  1 drivers
v0x55ea5ee890a0_0 .net "c1", 0 0, L_0x55ea5ee9f480;  1 drivers
v0x55ea5ee89140_0 .net "c2", 0 0, L_0x55ea5ee9fba0;  1 drivers
v0x55ea5ee89230_0 .net "c3", 0 0, L_0x55ea5eea0420;  1 drivers
v0x55ea5ee89370_0 .net "ca", 0 0, L_0x55ea5eea0c10;  alias, 1 drivers
v0x55ea5ee89410_0 .net "cin", 0 0, L_0x55ea5ee9e880;  alias, 1 drivers
v0x55ea5ee894b0_0 .net "sum", 3 0, L_0x55ea5eea10f0;  1 drivers
L_0x55ea5ee9f590 .part L_0x55ea5eea1190, 0, 1;
L_0x55ea5ee9f630 .part L_0x55ea5eea1280, 0, 1;
L_0x55ea5ee9fcb0 .part L_0x55ea5eea1190, 1, 1;
L_0x55ea5ee9fde0 .part L_0x55ea5eea1280, 1, 1;
L_0x55ea5eea0530 .part L_0x55ea5eea1190, 2, 1;
L_0x55ea5eea0660 .part L_0x55ea5eea1280, 2, 1;
L_0x55ea5eea0d20 .part L_0x55ea5eea1190, 3, 1;
L_0x55ea5eea0ee0 .part L_0x55ea5eea1280, 3, 1;
L_0x55ea5eea10f0 .concat8 [ 1 1 1 1], L_0x55ea5ee9efb0, L_0x55ea5ee9f7d0, L_0x55ea5ee9ffb0, L_0x55ea5eea0840;
S_0x55ea5ee85f80 .scope module, "FA_0" "fullAdder" 8 12, 9 1 0, S_0x55ea5ee85d60;
 .timescale 0 0;
    .port_info 0 /INPUT 1 "a"
    .port_info 1 /INPUT 1 "b"
    .port_info 2 /INPUT 1 "cin"
    .port_info 3 /OUTPUT 1 "sum"
    .port_info 4 /OUTPUT 1 "ca"
L_0x55ea5ee9ef40 .functor XOR 1, L_0x55ea5ee9f590, L_0x55ea5ee9f630, C4<0>, C4<0>;
L_0x55ea5ee9efb0 .functor XOR 1, L_0x55ea5ee9ef40, L_0x55ea5ee9e880, C4<0>, C4<0>;
L_0x55ea5ee9f070 .functor AND 1, L_0x55ea5ee9f590, L_0x55ea5ee9f630, C4<1>, C4<1>;
L_0x55ea5ee9f180 .functor AND 1, L_0x55ea5ee9f590, L_0x55ea5ee9e880, C4<1>, C4<1>;
L_0x55ea5ee9f1f0 .functor OR 1, L_0x55ea5ee9f070, L_0x55ea5ee9f180, C4<0>, C4<0>;
L_0x55ea5ee9f300 .functor AND 1, L_0x55ea5ee9f630, L_0x55ea5ee9e880, C4<1>, C4<1>;
L_0x55ea5ee9f480 .functor OR 1, L_0x55ea5ee9f1f0, L_0x55ea5ee9f300, C4<0>, C4<0>;
v0x55ea5ee861d0_0 .net *"_s0", 0 0, L_0x55ea5ee9ef40;  1 drivers
v0x55ea5ee862d0_0 .net *"_s10", 0 0, L_0x55ea5ee9f300;  1 drivers
v0x55ea5ee863b0_0 .net *"_s4", 0 0, L_0x55ea5ee9f070;  1 drivers
v0x55ea5ee86470_0 .net *"_s6", 0 0, L_0x55ea5ee9f180;  1 drivers
v0x55ea5ee86550_0 .net *"_s8", 0 0, L_0x55ea5ee9f1f0;  1 drivers
v0x55ea5ee86680_0 .net "a", 0 0, L_0x55ea5ee9f590;  1 drivers
v0x55ea5ee86740_0 .net "b", 0 0, L_0x55ea5ee9f630;  1 drivers
v0x55ea5ee86800_0 .net "ca", 0 0, L_0x55ea5ee9f480;  alias, 1 drivers
v0x55ea5ee868c0_0 .net "cin", 0 0, L_0x55ea5ee9e880;  alias, 1 drivers
v0x55ea5ee869f0_0 .net "sum", 0 0, L_0x55ea5ee9efb0;  1 drivers
S_0x55ea5ee86b50 .scope module, "FA_1" "fullAdder" 8 13, 9 1 0, S_0x55ea5ee85d60;
 .timescale 0 0;
    .port_info 0 /INPUT 1 "a"
    .port_info 1 /INPUT 1 "b"
    .port_info 2 /INPUT 1 "cin"
    .port_info 3 /OUTPUT 1 "sum"
    .port_info 4 /OUTPUT 1 "ca"
L_0x55ea5ee9f760 .functor XOR 1, L_0x55ea5ee9fcb0, L_0x55ea5ee9fde0, C4<0>, C4<0>;
L_0x55ea5ee9f7d0 .functor XOR 1, L_0x55ea5ee9f760, L_0x55ea5ee9f480, C4<0>, C4<0>;
L_0x55ea5ee9f8d0 .functor AND 1, L_0x55ea5ee9fcb0, L_0x55ea5ee9fde0, C4<1>, C4<1>;
L_0x55ea5ee9f940 .functor AND 1, L_0x55ea5ee9fcb0, L_0x55ea5ee9f480, C4<1>, C4<1>;
L_0x55ea5ee9f9e0 .functor OR 1, L_0x55ea5ee9f8d0, L_0x55ea5ee9f940, C4<0>, C4<0>;
L_0x55ea5ee9faf0 .functor AND 1, L_0x55ea5ee9fde0, L_0x55ea5ee9f480, C4<1>, C4<1>;
L_0x55ea5ee9fba0 .functor OR 1, L_0x55ea5ee9f9e0, L_0x55ea5ee9faf0, C4<0>, C4<0>;
v0x55ea5ee86dc0_0 .net *"_s0", 0 0, L_0x55ea5ee9f760;  1 drivers
v0x55ea5ee86ea0_0 .net *"_s10", 0 0, L_0x55ea5ee9faf0;  1 drivers
v0x55ea5ee86f80_0 .net *"_s4", 0 0, L_0x55ea5ee9f8d0;  1 drivers
v0x55ea5ee87040_0 .net *"_s6", 0 0, L_0x55ea5ee9f940;  1 drivers
v0x55ea5ee87120_0 .net *"_s8", 0 0, L_0x55ea5ee9f9e0;  1 drivers
v0x55ea5ee87250_0 .net "a", 0 0, L_0x55ea5ee9fcb0;  1 drivers
v0x55ea5ee87310_0 .net "b", 0 0, L_0x55ea5ee9fde0;  1 drivers
v0x55ea5ee873d0_0 .net "ca", 0 0, L_0x55ea5ee9fba0;  alias, 1 drivers
v0x55ea5ee87490_0 .net "cin", 0 0, L_0x55ea5ee9f480;  alias, 1 drivers
v0x55ea5ee875c0_0 .net "sum", 0 0, L_0x55ea5ee9f7d0;  1 drivers
S_0x55ea5ee87730 .scope module, "FA_2" "fullAdder" 8 14, 9 1 0, S_0x55ea5ee85d60;
 .timescale 0 0;
    .port_info 0 /INPUT 1 "a"
    .port_info 1 /INPUT 1 "b"
    .port_info 2 /INPUT 1 "cin"
    .port_info 3 /OUTPUT 1 "sum"
    .port_info 4 /OUTPUT 1 "ca"
L_0x55ea5ee9ff40 .functor XOR 1, L_0x55ea5eea0530, L_0x55ea5eea0660, C4<0>, C4<0>;
L_0x55ea5ee9ffb0 .functor XOR 1, L_0x55ea5ee9ff40, L_0x55ea5ee9fba0, C4<0>, C4<0>;
L_0x55ea5eea0100 .functor AND 1, L_0x55ea5eea0530, L_0x55ea5eea0660, C4<1>, C4<1>;
L_0x55ea5eea01c0 .functor AND 1, L_0x55ea5eea0530, L_0x55ea5ee9fba0, C4<1>, C4<1>;
L_0x55ea5eea0260 .functor OR 1, L_0x55ea5eea0100, L_0x55ea5eea01c0, C4<0>, C4<0>;
L_0x55ea5eea0370 .functor AND 1, L_0x55ea5eea0660, L_0x55ea5ee9fba0, C4<1>, C4<1>;
L_0x55ea5eea0420 .functor OR 1, L_0x55ea5eea0260, L_0x55ea5eea0370, C4<0>, C4<0>;
v0x55ea5ee87960_0 .net *"_s0", 0 0, L_0x55ea5ee9ff40;  1 drivers
v0x55ea5ee87a40_0 .net *"_s10", 0 0, L_0x55ea5eea0370;  1 drivers
v0x55ea5ee87b20_0 .net *"_s4", 0 0, L_0x55ea5eea0100;  1 drivers
v0x55ea5ee87c10_0 .net *"_s6", 0 0, L_0x55ea5eea01c0;  1 drivers
v0x55ea5ee87cf0_0 .net *"_s8", 0 0, L_0x55ea5eea0260;  1 drivers
v0x55ea5ee87e20_0 .net "a", 0 0, L_0x55ea5eea0530;  1 drivers
v0x55ea5ee87ee0_0 .net "b", 0 0, L_0x55ea5eea0660;  1 drivers
v0x55ea5ee87fa0_0 .net "ca", 0 0, L_0x55ea5eea0420;  alias, 1 drivers
v0x55ea5ee88060_0 .net "cin", 0 0, L_0x55ea5ee9fba0;  alias, 1 drivers
v0x55ea5ee88190_0 .net "sum", 0 0, L_0x55ea5ee9ffb0;  1 drivers
S_0x55ea5ee88300 .scope module, "FA_3" "fullAdder" 8 15, 9 1 0, S_0x55ea5ee85d60;
 .timescale 0 0;
    .port_info 0 /INPUT 1 "a"
    .port_info 1 /INPUT 1 "b"
    .port_info 2 /INPUT 1 "cin"
    .port_info 3 /OUTPUT 1 "sum"
    .port_info 4 /OUTPUT 1 "ca"
L_0x55ea5eea07d0 .functor XOR 1, L_0x55ea5eea0d20, L_0x55ea5eea0ee0, C4<0>, C4<0>;
L_0x55ea5eea0840 .functor XOR 1, L_0x55ea5eea07d0, L_0x55ea5eea0420, C4<0>, C4<0>;
L_0x55ea5eea0940 .functor AND 1, L_0x55ea5eea0d20, L_0x55ea5eea0ee0, C4<1>, C4<1>;
L_0x55ea5eea09b0 .functor AND 1, L_0x55ea5eea0d20, L_0x55ea5eea0420, C4<1>, C4<1>;
L_0x55ea5eea0a50 .functor OR 1, L_0x55ea5eea0940, L_0x55ea5eea09b0, C4<0>, C4<0>;
L_0x55ea5eea0b60 .functor AND 1, L_0x55ea5eea0ee0, L_0x55ea5eea0420, C4<1>, C4<1>;
L_0x55ea5eea0c10 .functor OR 1, L_0x55ea5eea0a50, L_0x55ea5eea0b60, C4<0>, C4<0>;
v0x55ea5ee88500_0 .net *"_s0", 0 0, L_0x55ea5eea07d0;  1 drivers
v0x55ea5ee88600_0 .net *"_s10", 0 0, L_0x55ea5eea0b60;  1 drivers
v0x55ea5ee886e0_0 .net *"_s4", 0 0, L_0x55ea5eea0940;  1 drivers
v0x55ea5ee887d0_0 .net *"_s6", 0 0, L_0x55ea5eea09b0;  1 drivers
v0x55ea5ee888b0_0 .net *"_s8", 0 0, L_0x55ea5eea0a50;  1 drivers
v0x55ea5ee889e0_0 .net "a", 0 0, L_0x55ea5eea0d20;  1 drivers
v0x55ea5ee88aa0_0 .net "b", 0 0, L_0x55ea5eea0ee0;  1 drivers
v0x55ea5ee88b60_0 .net "ca", 0 0, L_0x55ea5eea0c10;  alias, 1 drivers
v0x55ea5ee88c20_0 .net "cin", 0 0, L_0x55ea5eea0420;  alias, 1 drivers
v0x55ea5ee88d50_0 .net "sum", 0 0, L_0x55ea5eea0840;  1 drivers
S_0x55ea5ee8aa30 .scope module, "x2" "mux" 3 17, 3 21 0, S_0x55ea5ee00380;
 .timescale 0 0;
    .port_info 0 /INPUT 1 "x"
    .port_info 1 /INPUT 1 "y"
    .port_info 2 /INPUT 1 "z"
    .port_info 3 /INPUT 32 "out1"
    .port_info 4 /INPUT 32 "out2"
    .port_info 5 /INPUT 32 "out3"
    .port_info 6 /INPUT 32 "out4"
    .port_info 7 /INPUT 32 "out5"
    .port_info 8 /INPUT 32 "out6"
    .port_info 9 /INPUT 32 "out7"
    .port_info 10 /INPUT 32 "out8"
    .port_info 11 /OUTPUT 32 "out"
L_0x55ea5eeb30f0 .functor AND 32, L_0x55ea5eeb3160, L_0x55ea5eeb3220, L_0x55ea5eeb3330, L_0x55ea5ee8abb0;
L_0x55ea5eeb3160 .functor NOT 32, L_0x55ea5eeb1c40, C4<00000000000000000000000000000000>, C4<00000000000000000000000000000000>, C4<00000000000000000000000000000000>;
L_0x55ea5eeb3220 .functor NOT 32, L_0x55ea5eeb2570, C4<00000000000000000000000000000000>, C4<00000000000000000000000000000000>, C4<00000000000000000000000000000000>;
L_0x55ea5eeb3330 .functor NOT 32, L_0x55ea5eeb2b30, C4<00000000000000000000000000000000>, C4<00000000000000000000000000000000>, C4<00000000000000000000000000000000>;
L_0x55ea5eeb3440 .functor AND 32, L_0x55ea5eeb34b0, L_0x55ea5eeb3570, L_0x55ea5eeb2b30, L_0x55ea5ee8e0e0;
L_0x55ea5eeb34b0 .functor NOT 32, L_0x55ea5eeb1c40, C4<00000000000000000000000000000000>, C4<00000000000000000000000000000000>, C4<00000000000000000000000000000000>;
L_0x55ea5eeb3570 .functor NOT 32, L_0x55ea5eeb2570, C4<00000000000000000000000000000000>, C4<00000000000000000000000000000000>, C4<00000000000000000000000000000000>;
L_0x55ea5eeb3630 .functor AND 32, L_0x55ea5eeb36f0, L_0x55ea5eeb2570, L_0x55ea5eeb37f0, L_0x55ea5ee8e380;
L_0x55ea5eeb36f0 .functor NOT 32, L_0x55ea5eeb1c40, C4<00000000000000000000000000000000>, C4<00000000000000000000000000000000>, C4<00000000000000000000000000000000>;
L_0x55ea5eeb37f0 .functor NOT 32, L_0x55ea5eeb2b30, C4<00000000000000000000000000000000>, C4<00000000000000000000000000000000>, C4<00000000000000000000000000000000>;
L_0x55ea5eeb3950 .functor AND 32, L_0x55ea5eeb39c0, L_0x55ea5eeb2570, L_0x55ea5eeb2b30, L_0x55ea5ee8e560;
L_0x55ea5eeb39c0 .functor NOT 32, L_0x55ea5eeb1c40, C4<00000000000000000000000000000000>, C4<00000000000000000000000000000000>, C4<00000000000000000000000000000000>;
L_0x55ea5eeb3aa0 .functor AND 32, L_0x55ea5eeb1c40, L_0x55ea5eeb3b10, L_0x55ea5eeb3a30, L_0x55ea5ee8e710;
L_0x55ea5eeb3b10 .functor NOT 32, L_0x55ea5eeb2570, C4<00000000000000000000000000000000>, C4<00000000000000000000000000000000>, C4<00000000000000000000000000000000>;
L_0x55ea5eeb3a30 .functor NOT 32, L_0x55ea5eeb2b30, C4<00000000000000000000000000000000>, C4<00000000000000000000000000000000>, C4<00000000000000000000000000000000>;
L_0x55ea5eeb3c50 .functor AND 32, L_0x55ea5eeb1c40, L_0x55ea5eeb3d50, L_0x55ea5eeb2b30, L_0x55ea5ee8e9f0;
L_0x55ea5eeb3d50 .functor NOT 32, L_0x55ea5eeb2570, C4<00000000000000000000000000000000>, C4<00000000000000000000000000000000>, C4<00000000000000000000000000000000>;
L_0x55ea5eeb3e10 .functor AND 32, L_0x55ea5eeb1c40, L_0x55ea5eeb2570, L_0x55ea5eeb4060, L_0x55ea5ee8eab0;
L_0x55ea5eeb4060 .functor NOT 32, L_0x55ea5eeb2b30, C4<00000000000000000000000000000000>, C4<00000000000000000000000000000000>, C4<00000000000000000000000000000000>;
L_0x55ea5eeb4230 .functor AND 32, L_0x55ea5eeb1c40, L_0x55ea5eeb2570, L_0x55ea5eeb2b30, L_0x55ea5eea19a0;
L_0x55ea5eeb4380/0/0 .functor OR 32, L_0x55ea5eeb30f0, L_0x55ea5eeb3440, L_0x55ea5eeb3630, L_0x55ea5eeb3950;
L_0x55ea5eeb4380/0/4 .functor OR 32, L_0x55ea5eeb3aa0, L_0x55ea5eeb3c50, L_0x55ea5eeb3e10, L_0x55ea5eeb4230;
L_0x55ea5eeb4380 .functor OR 32, L_0x55ea5eeb4380/0/0, L_0x55ea5eeb4380/0/4, C4<00000000000000000000000000000000>, C4<00000000000000000000000000000000>;
v0x55ea5ee8ad50_0 .net *"_s10", 31 0, L_0x55ea5eeb3330;  1 drivers
v0x55ea5ee8ae30_0 .net *"_s12", 31 0, L_0x55ea5eeb34b0;  1 drivers
v0x55ea5ee8af10_0 .net *"_s14", 31 0, L_0x55ea5eeb3570;  1 drivers
v0x55ea5ee8afd0_0 .net *"_s16", 31 0, L_0x55ea5eeb36f0;  1 drivers
v0x55ea5ee8b0b0_0 .net *"_s18", 31 0, L_0x55ea5eeb37f0;  1 drivers
v0x55ea5ee8b1e0_0 .net *"_s20", 31 0, L_0x55ea5eeb39c0;  1 drivers
v0x55ea5ee8b2c0_0 .net *"_s22", 31 0, L_0x55ea5eeb3b10;  1 drivers
v0x55ea5ee8b3a0_0 .net *"_s24", 31 0, L_0x55ea5eeb3a30;  1 drivers
v0x55ea5ee8b480_0 .net *"_s26", 31 0, L_0x55ea5eeb3d50;  1 drivers
v0x55ea5ee8b5f0_0 .net *"_s28", 31 0, L_0x55ea5eeb4060;  1 drivers
v0x55ea5ee8b6d0_0 .net *"_s6", 31 0, L_0x55ea5eeb3160;  1 drivers
v0x55ea5ee8b7b0_0 .net *"_s8", 31 0, L_0x55ea5eeb3220;  1 drivers
v0x55ea5ee8b890_0 .net "b1", 31 0, L_0x55ea5eeb30f0;  1 drivers
v0x55ea5ee8b970_0 .net "b2", 31 0, L_0x55ea5eeb3440;  1 drivers
v0x55ea5ee8ba50_0 .net "b3", 31 0, L_0x55ea5eeb3630;  1 drivers
v0x55ea5ee8bb30_0 .net "b4", 31 0, L_0x55ea5eeb3950;  1 drivers
v0x55ea5ee8bc10_0 .net "b5", 31 0, L_0x55ea5eeb3aa0;  1 drivers
v0x55ea5ee8bcf0_0 .net "b6", 31 0, L_0x55ea5eeb3c50;  1 drivers
v0x55ea5ee8bdd0_0 .net "b7", 31 0, L_0x55ea5eeb3e10;  1 drivers
v0x55ea5ee8beb0_0 .net "b8", 31 0, L_0x55ea5eeb4230;  1 drivers
v0x55ea5ee8bf90_0 .net "out", 31 0, L_0x55ea5eeb4380;  alias, 1 drivers
v0x55ea5ee8c070_0 .net "out1", 31 0, L_0x55ea5ee8abb0;  alias, 1 drivers
v0x55ea5ee8c150_0 .net "out2", 31 0, L_0x55ea5ee8e0e0;  alias, 1 drivers
v0x55ea5ee8c230_0 .net "out3", 31 0, L_0x55ea5ee8e380;  alias, 1 drivers
v0x55ea5ee8c310_0 .net "out4", 31 0, L_0x55ea5ee8e560;  alias, 1 drivers
v0x55ea5ee8c3f0_0 .net "out5", 31 0, L_0x55ea5ee8e710;  alias, 1 drivers
v0x55ea5ee8c4d0_0 .net "out6", 31 0, L_0x55ea5ee8e9f0;  alias, 1 drivers
v0x55ea5ee8c5b0_0 .net "out7", 31 0, L_0x55ea5ee8eab0;  alias, 1 drivers
v0x55ea5ee8c690_0 .net "out8", 31 0, L_0x55ea5eea19a0;  alias, 1 drivers
v0x55ea5ee8c750_0 .net "s0", 31 0, L_0x55ea5eeb1c40;  1 drivers
v0x55ea5ee8c830_0 .net "s1", 31 0, L_0x55ea5eeb2570;  1 drivers
v0x55ea5ee8c910_0 .net "s2", 31 0, L_0x55ea5eeb2b30;  1 drivers
v0x55ea5ee8c9f0_0 .net "x", 0 0, L_0x55ea5eeb3fc0;  1 drivers
v0x55ea5ee8cab0_0 .net "y", 0 0, L_0x55ea5eeb4710;  1 drivers
v0x55ea5ee8cb70_0 .net "z", 0 0, L_0x55ea5eeb47b0;  1 drivers
LS_0x55ea5eeb1c40_0_0 .concat [ 1 1 1 1], L_0x55ea5eeb3fc0, L_0x55ea5eeb3fc0, L_0x55ea5eeb3fc0, L_0x55ea5eeb3fc0;
LS_0x55ea5eeb1c40_0_4 .concat [ 1 1 1 1], L_0x55ea5eeb3fc0, L_0x55ea5eeb3fc0, L_0x55ea5eeb3fc0, L_0x55ea5eeb3fc0;
LS_0x55ea5eeb1c40_0_8 .concat [ 1 1 1 1], L_0x55ea5eeb3fc0, L_0x55ea5eeb3fc0, L_0x55ea5eeb3fc0, L_0x55ea5eeb3fc0;
LS_0x55ea5eeb1c40_0_12 .concat [ 1 1 1 1], L_0x55ea5eeb3fc0, L_0x55ea5eeb3fc0, L_0x55ea5eeb3fc0, L_0x55ea5eeb3fc0;
LS_0x55ea5eeb1c40_0_16 .concat [ 1 1 1 1], L_0x55ea5eeb3fc0, L_0x55ea5eeb3fc0, L_0x55ea5eeb3fc0, L_0x55ea5eeb3fc0;
LS_0x55ea5eeb1c40_0_20 .concat [ 1 1 1 1], L_0x55ea5eeb3fc0, L_0x55ea5eeb3fc0, L_0x55ea5eeb3fc0, L_0x55ea5eeb3fc0;
LS_0x55ea5eeb1c40_0_24 .concat [ 1 1 1 1], L_0x55ea5eeb3fc0, L_0x55ea5eeb3fc0, L_0x55ea5eeb3fc0, L_0x55ea5eeb3fc0;
LS_0x55ea5eeb1c40_0_28 .concat [ 1 1 1 1], L_0x55ea5eeb3fc0, L_0x55ea5eeb3fc0, L_0x55ea5eeb3fc0, L_0x55ea5eeb3fc0;
LS_0x55ea5eeb1c40_1_0 .concat [ 4 4 4 4], LS_0x55ea5eeb1c40_0_0, LS_0x55ea5eeb1c40_0_4, LS_0x55ea5eeb1c40_0_8, LS_0x55ea5eeb1c40_0_12;
LS_0x55ea5eeb1c40_1_4 .concat [ 4 4 4 4], LS_0x55ea5eeb1c40_0_16, LS_0x55ea5eeb1c40_0_20, LS_0x55ea5eeb1c40_0_24, LS_0x55ea5eeb1c40_0_28;
L_0x55ea5eeb1c40 .concat [ 16 16 0 0], LS_0x55ea5eeb1c40_1_0, LS_0x55ea5eeb1c40_1_4;
LS_0x55ea5eeb2570_0_0 .concat [ 1 1 1 1], L_0x55ea5eeb4710, L_0x55ea5eeb4710, L_0x55ea5eeb4710, L_0x55ea5eeb4710;
LS_0x55ea5eeb2570_0_4 .concat [ 1 1 1 1], L_0x55ea5eeb4710, L_0x55ea5eeb4710, L_0x55ea5eeb4710, L_0x55ea5eeb4710;
LS_0x55ea5eeb2570_0_8 .concat [ 1 1 1 1], L_0x55ea5eeb4710, L_0x55ea5eeb4710, L_0x55ea5eeb4710, L_0x55ea5eeb4710;
LS_0x55ea5eeb2570_0_12 .concat [ 1 1 1 1], L_0x55ea5eeb4710, L_0x55ea5eeb4710, L_0x55ea5eeb4710, L_0x55ea5eeb4710;
LS_0x55ea5eeb2570_0_16 .concat [ 1 1 1 1], L_0x55ea5eeb4710, L_0x55ea5eeb4710, L_0x55ea5eeb4710, L_0x55ea5eeb4710;
LS_0x55ea5eeb2570_0_20 .concat [ 1 1 1 1], L_0x55ea5eeb4710, L_0x55ea5eeb4710, L_0x55ea5eeb4710, L_0x55ea5eeb4710;
LS_0x55ea5eeb2570_0_24 .concat [ 1 1 1 1], L_0x55ea5eeb4710, L_0x55ea5eeb4710, L_0x55ea5eeb4710, L_0x55ea5eeb4710;
LS_0x55ea5eeb2570_0_28 .concat [ 1 1 1 1], L_0x55ea5eeb4710, L_0x55ea5eeb4710, L_0x55ea5eeb4710, L_0x55ea5eeb4710;
LS_0x55ea5eeb2570_1_0 .concat [ 4 4 4 4], LS_0x55ea5eeb2570_0_0, LS_0x55ea5eeb2570_0_4, LS_0x55ea5eeb2570_0_8, LS_0x55ea5eeb2570_0_12;
LS_0x55ea5eeb2570_1_4 .concat [ 4 4 4 4], LS_0x55ea5eeb2570_0_16, LS_0x55ea5eeb2570_0_20, LS_0x55ea5eeb2570_0_24, LS_0x55ea5eeb2570_0_28;
L_0x55ea5eeb2570 .concat [ 16 16 0 0], LS_0x55ea5eeb2570_1_0, LS_0x55ea5eeb2570_1_4;
LS_0x55ea5eeb2b30_0_0 .concat [ 1 1 1 1], L_0x55ea5eeb47b0, L_0x55ea5eeb47b0, L_0x55ea5eeb47b0, L_0x55ea5eeb47b0;
LS_0x55ea5eeb2b30_0_4 .concat [ 1 1 1 1], L_0x55ea5eeb47b0, L_0x55ea5eeb47b0, L_0x55ea5eeb47b0, L_0x55ea5eeb47b0;
LS_0x55ea5eeb2b30_0_8 .concat [ 1 1 1 1], L_0x55ea5eeb47b0, L_0x55ea5eeb47b0, L_0x55ea5eeb47b0, L_0x55ea5eeb47b0;
LS_0x55ea5eeb2b30_0_12 .concat [ 1 1 1 1], L_0x55ea5eeb47b0, L_0x55ea5eeb47b0, L_0x55ea5eeb47b0, L_0x55ea5eeb47b0;
LS_0x55ea5eeb2b30_0_16 .concat [ 1 1 1 1], L_0x55ea5eeb47b0, L_0x55ea5eeb47b0, L_0x55ea5eeb47b0, L_0x55ea5eeb47b0;
LS_0x55ea5eeb2b30_0_20 .concat [ 1 1 1 1], L_0x55ea5eeb47b0, L_0x55ea5eeb47b0, L_0x55ea5eeb47b0, L_0x55ea5eeb47b0;
LS_0x55ea5eeb2b30_0_24 .concat [ 1 1 1 1], L_0x55ea5eeb47b0, L_0x55ea5eeb47b0, L_0x55ea5eeb47b0, L_0x55ea5eeb47b0;
LS_0x55ea5eeb2b30_0_28 .concat [ 1 1 1 1], L_0x55ea5eeb47b0, L_0x55ea5eeb47b0, L_0x55ea5eeb47b0, L_0x55ea5eeb47b0;
LS_0x55ea5eeb2b30_1_0 .concat [ 4 4 4 4], LS_0x55ea5eeb2b30_0_0, LS_0x55ea5eeb2b30_0_4, LS_0x55ea5eeb2b30_0_8, LS_0x55ea5eeb2b30_0_12;
LS_0x55ea5eeb2b30_1_4 .concat [ 4 4 4 4], LS_0x55ea5eeb2b30_0_16, LS_0x55ea5eeb2b30_0_20, LS_0x55ea5eeb2b30_0_24, LS_0x55ea5eeb2b30_0_28;
L_0x55ea5eeb2b30 .concat [ 16 16 0 0], LS_0x55ea5eeb2b30_1_0, LS_0x55ea5eeb2b30_1_4;
    .scope S_0x55ea5ee2e620;
T_0 ;
    %delay 0, 0;
    %pushi/vec4 0, 0, 3;
    %store/vec4 v0x55ea5ee8df80_0, 0, 3;
    %pushi/vec4 0, 0, 32;
    %store/vec4 v0x55ea5ee8dcf0_0, 0, 32;
    %pushi/vec4 65535, 0, 32;
    %store/vec4 v0x55ea5ee8ddd0_0, 0, 32;
    %delay 5, 0;
    %pushi/vec4 1, 0, 3;
    %store/vec4 v0x55ea5ee8df80_0, 0, 3;
    %delay 5, 0;
    %pushi/vec4 2, 0, 3;
    %store/vec4 v0x55ea5ee8df80_0, 0, 3;
    %delay 5, 0;
    %pushi/vec4 3, 0, 3;
    %store/vec4 v0x55ea5ee8df80_0, 0, 3;
    %delay 5, 0;
    %pushi/vec4 4, 0, 3;
    %store/vec4 v0x55ea5ee8df80_0, 0, 3;
    %delay 5, 0;
    %pushi/vec4 5, 0, 3;
    %store/vec4 v0x55ea5ee8df80_0, 0, 3;
    %delay 5, 0;
    %pushi/vec4 6, 0, 3;
    %store/vec4 v0x55ea5ee8df80_0, 0, 3;
    %delay 5, 0;
    %pushi/vec4 7, 0, 3;
    %store/vec4 v0x55ea5ee8df80_0, 0, 3;
    %end;
    .thread T_0;
    .scope S_0x55ea5ee2e620;
T_1 ;
    %vpi_call 2 23 "$monitor", $time, "\011sel=%b a=%5b b=%5b out=%5b ", v0x55ea5ee8df80_0, v0x55ea5ee8dcf0_0, v0x55ea5ee8ddd0_0, v0x55ea5ee8de90_0 {0 0 0};
    %end;
    .thread T_1;
# The file index is used to find the file name in the following table.
:file_names 10;
    "N/A";
    "<interactive>";
    "logic_tb.v";
    "./logic.v";
    "./2scomp.v";
    "./thirtytwoBitAdder.v";
    "./sixteenBitAdder.v";
    "./eightBitAdder.v";
    "./fourBitAdder.v";
    "./fullAdder.v";
